2025-04-29 02:29:47-EID[]-SID[ea5d5e4e-6283-4e36-aa99-989925f918cf]-[INFO] TASK[LoginInit]-Login attempt for sabbirhossainborno@gmail.com from 103.180.244.251
2025-04-29 02:29:47-EID[]-SID[ea5d5e4e-6283-4e36-aa99-989925f918cf]-[INFO] TASK[MemberLogin]-Successful login for member: sabbirhossainborno@gmail.com
2025-04-29 02:29:47-EID[945517-PMA]-SID[ea5d5e4e-6283-4e36-aa99-989925f918cf]-[INFO] TASK[LoginSuccess]-Session established for sabbirhossainborno@gmail.com
2025-04-29 02:30:34-EID[945517-PMA]-SID[ea5d5e4e-6283-4e36-aa99-989925f918cf]-[INFO] TASK[Auth Check]-User type : Member (Member)
2025-04-29 02:30:36-EID[945517-PMA]-SID[ea5d5e4e-6283-4e36-aa99-989925f918cf]-[INFO] TASK[DashboardData]-Fetched data for sabbirhossainborno@gmail.com
2025-04-29 02:30:36-EID[945517-PMA]-SID[ea5d5e4e-6283-4e36-aa99-989925f918cf]-[INFO] TASK[DashboardData]-Fetched data for sabbirhossainborno@gmail.com
2025-04-29 02:34:28-EID[]-SID[ee949400-9e42-42ba-a93c-bce41540c9dc]-[INFO] TASK[LoginInit]-Login attempt for sabbirhossainborno@gmail.com from 103.180.244.251
2025-04-29 02:34:28-EID[]-SID[ee949400-9e42-42ba-a93c-bce41540c9dc]-[INFO] TASK[MemberLogin]-Successful login for member: sabbirhossainborno@gmail.com
2025-04-29 02:34:28-EID[421934-PMA]-SID[ee949400-9e42-42ba-a93c-bce41540c9dc]-[INFO] TASK[LoginSuccess]-Session established for sabbirhossainborno@gmail.com
2025-04-29 02:34:37-EID[421934-PMA]-SID[ee949400-9e42-42ba-a93c-bce41540c9dc]-[INFO] TASK[Auth Check]-User type : Member (Member)
2025-04-29 02:34:38-EID[421934-PMA]-SID[ee949400-9e42-42ba-a93c-bce41540c9dc]-[INFO] TASK[DashboardData]-Fetched data for sabbirhossainborno@gmail.com
2025-04-29 02:34:39-EID[421934-PMA]-SID[ee949400-9e42-42ba-a93c-bce41540c9dc]-[INFO] TASK[DashboardData]-Fetched data for sabbirhossainborno@gmail.com
2025-04-29 02:34:54-EID[421934-PMA]-SID[ee949400-9e42-42ba-a93c-bce41540c9dc]-[INFO] TASK[Booking]-New booking slots request received
2025-04-29 02:35:05-EID[421934-PMA]-SID[ee949400-9e42-42ba-a93c-bce41540c9dc]-[INFO] TASK[Booking-Summary]-Authentication check
2025-04-29 02:35:05-EID[421934-PMA]-SID[ee949400-9e42-42ba-a93c-bce41540c9dc]-[INFO] TASK[Booking-Summary]-Authentication check
2025-04-29 02:35:33-EID[421934-PMA]-SID[ee949400-9e42-42ba-a93c-bce41540c9dc]-[INFO] TASK[Auth Check]-User type : Member (Member)
2025-04-29 02:35:33-EID[421934-PMA]-SID[ee949400-9e42-42ba-a93c-bce41540c9dc]-[INFO] TASK[DashboardData]-Fetched data for sabbirhossainborno@gmail.com
2025-04-29 02:35:33-EID[421934-PMA]-SID[ee949400-9e42-42ba-a93c-bce41540c9dc]-[INFO] TASK[DashboardData]-Fetched data for sabbirhossainborno@gmail.com
2025-04-29 02:35:38-EID[421934-PMA]-SID[ee949400-9e42-42ba-a93c-bce41540c9dc]-[INFO] TASK[Booking]-New booking slots request received
2025-04-29 02:35:50-EID[421934-PMA]-SID[ee949400-9e42-42ba-a93c-bce41540c9dc]-[INFO] TASK[Booking-Summary]-Authentication check
2025-04-29 02:35:50-EID[421934-PMA]-SID[ee949400-9e42-42ba-a93c-bce41540c9dc]-[INFO] TASK[Booking-Summary]-Authentication check
2025-04-29 02:36:07-EID[421934-PMA]-SID[ee949400-9e42-42ba-a93c-bce41540c9dc]-[INFO] TASK[Auth Check]-User type : Member (Member)
2025-04-29 02:36:07-EID[421934-PMA]-SID[ee949400-9e42-42ba-a93c-bce41540c9dc]-[INFO] TASK[DashboardData]-Fetched data for sabbirhossainborno@gmail.com
2025-04-29 02:36:07-EID[421934-PMA]-SID[ee949400-9e42-42ba-a93c-bce41540c9dc]-[INFO] TASK[DashboardData]-Fetched data for sabbirhossainborno@gmail.com
2025-04-29 02:49:44-EID[]-SID[f772090c-28a9-4568-abd4-16061ddf5fda]-[INFO] TASK[LoginInit]-Login attempt for sabbirhossainborno@gmail.com from 103.180.244.251
2025-04-29 02:49:44-EID[]-SID[f772090c-28a9-4568-abd4-16061ddf5fda]-[INFO] TASK[MemberLogin]-Successful login for member: sabbirhossainborno@gmail.com
2025-04-29 02:49:44-EID[989645-PMA]-SID[f772090c-28a9-4568-abd4-16061ddf5fda]-[INFO] TASK[LoginSuccess]-Session established for sabbirhossainborno@gmail.com
2025-04-29 02:50:00-EID[989645-PMA]-SID[f772090c-28a9-4568-abd4-16061ddf5fda]-[INFO] TASK[Auth Check]-User type : Member (Member)
2025-04-29 02:50:02-EID[989645-PMA]-SID[f772090c-28a9-4568-abd4-16061ddf5fda]-[INFO] TASK[DashboardData]-Fetched data for sabbirhossainborno@gmail.com
2025-04-29 02:50:02-EID[989645-PMA]-SID[f772090c-28a9-4568-abd4-16061ddf5fda]-[INFO] TASK[DashboardData]-Fetched data for sabbirhossainborno@gmail.com
2025-04-29 03:01:42-EID[]-SID[7286a2fc-e692-4fdc-a181-d8ce665ae3f0]-[INFO] TASK[LoginInit]-Login attempt for sabbirhossainborno@gmail.com from 103.180.244.251
2025-04-29 03:01:42-EID[]-SID[7286a2fc-e692-4fdc-a181-d8ce665ae3f0]-[INFO] TASK[MemberLogin]-Successful login for member: sabbirhossainborno@gmail.com
2025-04-29 03:01:43-EID[656623-PMA]-SID[7286a2fc-e692-4fdc-a181-d8ce665ae3f0]-[INFO] TASK[LoginSuccess]-Session established for sabbirhossainborno@gmail.com
2025-04-29 03:01:44-EID[656623-PMA]-SID[7286a2fc-e692-4fdc-a181-d8ce665ae3f0]-[INFO] TASK[Auth Check]-User type : Member (Member)
2025-04-29 03:01:44-EID[656623-PMA]-SID[7286a2fc-e692-4fdc-a181-d8ce665ae3f0]-[INFO] TASK[DashboardData]-Fetched data for sabbirhossainborno@gmail.com
2025-04-29 03:01:44-EID[656623-PMA]-SID[7286a2fc-e692-4fdc-a181-d8ce665ae3f0]-[INFO] TASK[DashboardData]-Fetched data for sabbirhossainborno@gmail.com
2025-04-29 03:01:49-EID[656623-PMA]-SID[7286a2fc-e692-4fdc-a181-d8ce665ae3f0]-[INFO] TASK[Booking]-New booking slots request received
2025-04-29 03:01:59-EID[656623-PMA]-SID[7286a2fc-e692-4fdc-a181-d8ce665ae3f0]-[INFO] TASK[Booking-Summary]-Authentication check
2025-04-29 03:01:59-EID[656623-PMA]-SID[7286a2fc-e692-4fdc-a181-d8ce665ae3f0]-[INFO] TASK[Booking-Summary]-Authentication check
2025-04-29 03:03:06-EID[656623-PMA]-SID[7286a2fc-e692-4fdc-a181-d8ce665ae3f0]-[INFO] TASK[Auth Check]-User type : Member (Member)
2025-04-29 03:03:07-EID[656623-PMA]-SID[7286a2fc-e692-4fdc-a181-d8ce665ae3f0]-[INFO] TASK[DashboardData]-Fetched data for sabbirhossainborno@gmail.com
2025-04-29 03:03:07-EID[656623-PMA]-SID[7286a2fc-e692-4fdc-a181-d8ce665ae3f0]-[INFO] TASK[DashboardData]-Fetched data for sabbirhossainborno@gmail.com
2025-04-29 03:03:11-EID[656623-PMA]-SID[7286a2fc-e692-4fdc-a181-d8ce665ae3f0]-[INFO] TASK[Booking]-New booking slots request received
2025-04-29 03:03:21-EID[656623-PMA]-SID[7286a2fc-e692-4fdc-a181-d8ce665ae3f0]-[INFO] TASK[Booking-Summary]-Authentication check
2025-04-29 03:03:21-EID[656623-PMA]-SID[7286a2fc-e692-4fdc-a181-d8ce665ae3f0]-[INFO] TASK[Booking-Summary]-Authentication check
2025-04-29 03:03:41-EID[656623-PMA]-SID[7286a2fc-e692-4fdc-a181-d8ce665ae3f0]-[INFO] TASK[Auth Check]-User type : Member (Member)
2025-04-29 03:03:41-EID[656623-PMA]-SID[7286a2fc-e692-4fdc-a181-d8ce665ae3f0]-[INFO] TASK[DashboardData]-Fetched data for sabbirhossainborno@gmail.com
2025-04-29 03:03:41-EID[656623-PMA]-SID[7286a2fc-e692-4fdc-a181-d8ce665ae3f0]-[INFO] TASK[DashboardData]-Fetched data for sabbirhossainborno@gmail.com
2025-04-29 03:05:50-EID[656623-PMA]-SID[7286a2fc-e692-4fdc-a181-d8ce665ae3f0]-[INFO] TASK[Booking]-New booking slots request received
2025-04-29 03:06:00-EID[656623-PMA]-SID[7286a2fc-e692-4fdc-a181-d8ce665ae3f0]-[INFO] TASK[Booking-Summary]-Authentication check
2025-04-29 03:06:00-EID[656623-PMA]-SID[7286a2fc-e692-4fdc-a181-d8ce665ae3f0]-[INFO] TASK[Booking-Summary]-Authentication check
2025-04-29 03:06:20-EID[656623-PMA]-SID[7286a2fc-e692-4fdc-a181-d8ce665ae3f0]-[INFO] TASK[Auth Check]-User type : Member (Member)
2025-04-29 03:06:21-EID[656623-PMA]-SID[7286a2fc-e692-4fdc-a181-d8ce665ae3f0]-[INFO] TASK[DashboardData]-Fetched data for sabbirhossainborno@gmail.com
2025-04-29 03:06:21-EID[656623-PMA]-SID[7286a2fc-e692-4fdc-a181-d8ce665ae3f0]-[INFO] TASK[DashboardData]-Fetched data for sabbirhossainborno@gmail.com
2025-04-29 03:07:59-EID[656623-PMA]-SID[7286a2fc-e692-4fdc-a181-d8ce665ae3f0]-[INFO] TASK[Booking]-New booking slots request received
2025-04-29 03:08:04-EID[656623-PMA]-SID[7286a2fc-e692-4fdc-a181-d8ce665ae3f0]-[INFO] TASK[Booking-Summary]-Authentication check
2025-04-29 03:08:04-EID[656623-PMA]-SID[7286a2fc-e692-4fdc-a181-d8ce665ae3f0]-[INFO] TASK[Booking-Summary]-Authentication check
2025-04-29 03:08:25-EID[656623-PMA]-SID[7286a2fc-e692-4fdc-a181-d8ce665ae3f0]-[INFO] TASK[Auth Check]-User type : Member (Member)
2025-04-29 03:08:25-EID[656623-PMA]-SID[7286a2fc-e692-4fdc-a181-d8ce665ae3f0]-[INFO] TASK[DashboardData]-Fetched data for sabbirhossainborno@gmail.com
2025-04-29 03:08:26-EID[656623-PMA]-SID[7286a2fc-e692-4fdc-a181-d8ce665ae3f0]-[INFO] TASK[DashboardData]-Fetched data for sabbirhossainborno@gmail.com
2025-04-29 03:11:44-EID[656623-PMA]-SID[7286a2fc-e692-4fdc-a181-d8ce665ae3f0]-[INFO] TASK[Booking]-New booking slots request received
2025-04-29 03:11:49-EID[656623-PMA]-SID[7286a2fc-e692-4fdc-a181-d8ce665ae3f0]-[INFO] TASK[Booking-Summary]-Authentication check
2025-04-29 03:11:50-EID[656623-PMA]-SID[7286a2fc-e692-4fdc-a181-d8ce665ae3f0]-[INFO] TASK[Booking-Summary]-Authentication check
2025-04-29 03:12:18-EID[656623-PMA]-SID[7286a2fc-e692-4fdc-a181-d8ce665ae3f0]-[INFO] TASK[Auth Check]-User type : Member (Member)
2025-04-29 03:12:19-EID[656623-PMA]-SID[7286a2fc-e692-4fdc-a181-d8ce665ae3f0]-[INFO] TASK[DashboardData]-Fetched data for sabbirhossainborno@gmail.com
2025-04-29 03:12:19-EID[656623-PMA]-SID[7286a2fc-e692-4fdc-a181-d8ce665ae3f0]-[INFO] TASK[DashboardData]-Fetched data for sabbirhossainborno@gmail.com
2025-04-29 03:14:49-EID[656623-PMA]-SID[7286a2fc-e692-4fdc-a181-d8ce665ae3f0]-[INFO] TASK[Booking]-New booking slots request received
2025-04-29 03:14:55-EID[656623-PMA]-SID[7286a2fc-e692-4fdc-a181-d8ce665ae3f0]-[INFO] TASK[Booking-Summary]-Authentication check
2025-04-29 03:14:55-EID[656623-PMA]-SID[7286a2fc-e692-4fdc-a181-d8ce665ae3f0]-[INFO] TASK[Booking-Summary]-Authentication check
2025-04-29 03:15:16-EID[656623-PMA]-SID[7286a2fc-e692-4fdc-a181-d8ce665ae3f0]-[INFO] TASK[Auth Check]-User type : Member (Member)
2025-04-29 03:15:17-EID[656623-PMA]-SID[7286a2fc-e692-4fdc-a181-d8ce665ae3f0]-[INFO] TASK[DashboardData]-Fetched data for sabbirhossainborno@gmail.com
2025-04-29 03:15:17-EID[656623-PMA]-SID[7286a2fc-e692-4fdc-a181-d8ce665ae3f0]-[INFO] TASK[DashboardData]-Fetched data for sabbirhossainborno@gmail.com
2025-04-29 03:20:04-EID[656623-PMA]-SID[7286a2fc-e692-4fdc-a181-d8ce665ae3f0]-[INFO] TASK[Booking]-New booking slots request received
2025-04-29 03:29:26-EID[656623-PMA]-SID[7286a2fc-e692-4fdc-a181-d8ce665ae3f0]-[INFO] TASK[Auth Check]-User type : Member (Member)
2025-04-29 03:29:27-EID[656623-PMA]-SID[7286a2fc-e692-4fdc-a181-d8ce665ae3f0]-[INFO] TASK[DashboardData]-Fetched data for sabbirhossainborno@gmail.com
2025-04-29 03:29:27-EID[656623-PMA]-SID[7286a2fc-e692-4fdc-a181-d8ce665ae3f0]-[INFO] TASK[DashboardData]-Fetched data for sabbirhossainborno@gmail.com
2025-04-29 03:29:31-EID[656623-PMA]-SID[7286a2fc-e692-4fdc-a181-d8ce665ae3f0]-[INFO] TASK[Booking]-New booking slots request received
2025-04-29 03:29:39-EID[656623-PMA]-SID[7286a2fc-e692-4fdc-a181-d8ce665ae3f0]-[INFO] TASK[Booking-Summary]-Authentication check
2025-04-29 03:29:39-EID[656623-PMA]-SID[7286a2fc-e692-4fdc-a181-d8ce665ae3f0]-[INFO] TASK[Booking-Summary]-Authentication check
2025-04-29 03:30:03-EID[656623-PMA]-SID[7286a2fc-e692-4fdc-a181-d8ce665ae3f0]-[INFO] TASK[Auth Check]-User type : Member (Member)
2025-04-29 03:30:03-EID[656623-PMA]-SID[7286a2fc-e692-4fdc-a181-d8ce665ae3f0]-[INFO] TASK[DashboardData]-Fetched data for sabbirhossainborno@gmail.com
2025-04-29 03:30:03-EID[656623-PMA]-SID[7286a2fc-e692-4fdc-a181-d8ce665ae3f0]-[INFO] TASK[DashboardData]-Fetched data for sabbirhossainborno@gmail.com
2025-04-29 04:08:09-EID[]-SID[9c36016d-667f-4234-84aa-2ebac50af672]-[INFO] TASK[LoginInit]-Login attempt for sabbirhossainborno@gmail.com from 103.180.244.251
2025-04-29 04:08:09-EID[]-SID[9c36016d-667f-4234-84aa-2ebac50af672]-[INFO] TASK[MemberLogin]-Successful login for member: sabbirhossainborno@gmail.com
2025-04-29 04:08:09-EID[818126-PMA]-SID[9c36016d-667f-4234-84aa-2ebac50af672]-[INFO] TASK[LoginSuccess]-Session established for sabbirhossainborno@gmail.com
2025-04-29 04:08:24-EID[818126-PMA]-SID[9c36016d-667f-4234-84aa-2ebac50af672]-[INFO] TASK[Auth Check]-User type : Member (Member)
2025-04-29 04:08:25-EID[818126-PMA]-SID[9c36016d-667f-4234-84aa-2ebac50af672]-[INFO] TASK[DashboardData]-Fetched data for sabbirhossainborno@gmail.com
2025-04-29 04:08:25-EID[818126-PMA]-SID[9c36016d-667f-4234-84aa-2ebac50af672]-[INFO] TASK[DashboardData]-Fetched data for sabbirhossainborno@gmail.com
2025-04-29 04:08:30-EID[818126-PMA]-SID[9c36016d-667f-4234-84aa-2ebac50af672]-[INFO] TASK[Booking]-New booking slots request received
2025-04-29 04:08:38-EID[818126-PMA]-SID[9c36016d-667f-4234-84aa-2ebac50af672]-[INFO] TASK[Booking]-New booking slots request received
2025-04-29 04:08:47-EID[818126-PMA]-SID[9c36016d-667f-4234-84aa-2ebac50af672]-[INFO] TASK[Booking-Summary]-Authentication check
2025-04-29 04:08:47-EID[818126-PMA]-SID[9c36016d-667f-4234-84aa-2ebac50af672]-[INFO] TASK[Booking-Summary]-Authentication check
2025-04-29 04:09:14-EID[818126-PMA]-SID[9c36016d-667f-4234-84aa-2ebac50af672]-[INFO] TASK[Auth Check]-User type : Member (Member)
2025-04-29 04:09:14-EID[818126-PMA]-SID[9c36016d-667f-4234-84aa-2ebac50af672]-[INFO] TASK[DashboardData]-Fetched data for sabbirhossainborno@gmail.com
2025-04-29 04:09:14-EID[818126-PMA]-SID[9c36016d-667f-4234-84aa-2ebac50af672]-[INFO] TASK[DashboardData]-Fetched data for sabbirhossainborno@gmail.com
2025-04-29 04:20:42-EID[818126-PMA]-SID[9c36016d-667f-4234-84aa-2ebac50af672]-[INFO] TASK[Auth Check]-User type : Member (Member)
2025-04-29 04:20:44-EID[818126-PMA]-SID[9c36016d-667f-4234-84aa-2ebac50af672]-[INFO] TASK[DashboardData]-Fetched data for sabbirhossainborno@gmail.com
2025-04-29 04:20:44-EID[818126-PMA]-SID[9c36016d-667f-4234-84aa-2ebac50af672]-[INFO] TASK[DashboardData]-Fetched data for sabbirhossainborno@gmail.com
2025-04-29 04:21:49-EID[818126-PMA]-SID[9c36016d-667f-4234-84aa-2ebac50af672]-[INFO] TASK[Booking]-New booking slots request received
2025-04-29 04:21:56-EID[818126-PMA]-SID[9c36016d-667f-4234-84aa-2ebac50af672]-[INFO] TASK[Booking-Summary]-Authentication check
2025-04-29 04:21:56-EID[818126-PMA]-SID[9c36016d-667f-4234-84aa-2ebac50af672]-[INFO] TASK[Booking-Summary]-Authentication check
2025-04-29 04:22:17-EID[818126-PMA]-SID[9c36016d-667f-4234-84aa-2ebac50af672]-[INFO] TASK[Auth Check]-User type : Member (Member)
2025-04-29 04:22:18-EID[818126-PMA]-SID[9c36016d-667f-4234-84aa-2ebac50af672]-[INFO] TASK[DashboardData]-Fetched data for sabbirhossainborno@gmail.com
2025-04-29 04:22:18-EID[818126-PMA]-SID[9c36016d-667f-4234-84aa-2ebac50af672]-[INFO] TASK[DashboardData]-Fetched data for sabbirhossainborno@gmail.com
2025-04-29 04:22:38-EID[818126-PMA]-SID[9c36016d-667f-4234-84aa-2ebac50af672]-[INFO] TASK[Booking]-New booking slots request received
2025-04-29 04:22:41-EID[818126-PMA]-SID[9c36016d-667f-4234-84aa-2ebac50af672]-[INFO] TASK[Booking-Summary]-Authentication check
2025-04-29 04:22:42-EID[818126-PMA]-SID[9c36016d-667f-4234-84aa-2ebac50af672]-[INFO] TASK[Booking-Summary]-Authentication check
2025-04-29 04:22:59-EID[818126-PMA]-SID[9c36016d-667f-4234-84aa-2ebac50af672]-[INFO] TASK[Auth Check]-User type : Member (Member)
2025-04-29 04:22:59-EID[818126-PMA]-SID[9c36016d-667f-4234-84aa-2ebac50af672]-[INFO] TASK[DashboardData]-Fetched data for sabbirhossainborno@gmail.com
2025-04-29 04:22:59-EID[818126-PMA]-SID[9c36016d-667f-4234-84aa-2ebac50af672]-[INFO] TASK[DashboardData]-Fetched data for sabbirhossainborno@gmail.com
2025-04-29 04:26:19-EID[818126-PMA]-SID[9c36016d-667f-4234-84aa-2ebac50af672]-[INFO] TASK[Booking]-New booking slots request received
2025-04-29 04:26:23-EID[818126-PMA]-SID[9c36016d-667f-4234-84aa-2ebac50af672]-[INFO] TASK[Booking-Summary]-Authentication check
2025-04-29 04:26:23-EID[818126-PMA]-SID[9c36016d-667f-4234-84aa-2ebac50af672]-[INFO] TASK[Booking-Summary]-Authentication check
2025-04-29 04:26:42-EID[818126-PMA]-SID[9c36016d-667f-4234-84aa-2ebac50af672]-[INFO] TASK[Auth Check]-User type : Member (Member)
2025-04-29 04:26:43-EID[818126-PMA]-SID[9c36016d-667f-4234-84aa-2ebac50af672]-[INFO] TASK[DashboardData]-Fetched data for sabbirhossainborno@gmail.com
2025-04-29 04:26:43-EID[818126-PMA]-SID[9c36016d-667f-4234-84aa-2ebac50af672]-[INFO] TASK[DashboardData]-Fetched data for sabbirhossainborno@gmail.com
2025-04-29 04:34:56-EID[818126-PMA]-SID[9c36016d-667f-4234-84aa-2ebac50af672]-[INFO] TASK[Booking]-New booking slots request received
2025-04-29 04:35:02-EID[818126-PMA]-SID[9c36016d-667f-4234-84aa-2ebac50af672]-[INFO] TASK[Booking-Summary]-Authentication check
2025-04-29 04:35:02-EID[818126-PMA]-SID[9c36016d-667f-4234-84aa-2ebac50af672]-[INFO] TASK[Booking-Summary]-Authentication check
2025-04-29 04:35:20-EID[818126-PMA]-SID[9c36016d-667f-4234-84aa-2ebac50af672]-[INFO] TASK[Auth Check]-User type : Member (Member)
2025-04-29 04:35:21-EID[818126-PMA]-SID[9c36016d-667f-4234-84aa-2ebac50af672]-[INFO] TASK[DashboardData]-Fetched data for sabbirhossainborno@gmail.com
2025-04-29 04:35:21-EID[818126-PMA]-SID[9c36016d-667f-4234-84aa-2ebac50af672]-[INFO] TASK[DashboardData]-Fetched data for sabbirhossainborno@gmail.com
2025-04-29 04:35:41-EID[818126-PMA]-SID[9c36016d-667f-4234-84aa-2ebac50af672]-[INFO] TASK[Booking]-New booking slots request received
2025-04-29 04:35:44-EID[818126-PMA]-SID[9c36016d-667f-4234-84aa-2ebac50af672]-[INFO] TASK[Booking-Summary]-Authentication check
2025-04-29 04:35:44-EID[818126-PMA]-SID[9c36016d-667f-4234-84aa-2ebac50af672]-[INFO] TASK[Booking-Summary]-Authentication check
2025-04-29 04:35:59-EID[818126-PMA]-SID[9c36016d-667f-4234-84aa-2ebac50af672]-[INFO] TASK[Auth Check]-User type : Member (Member)
2025-04-29 04:35:59-EID[818126-PMA]-SID[9c36016d-667f-4234-84aa-2ebac50af672]-[INFO] TASK[DashboardData]-Fetched data for sabbirhossainborno@gmail.com
2025-04-29 04:36:00-EID[818126-PMA]-SID[9c36016d-667f-4234-84aa-2ebac50af672]-[INFO] TASK[DashboardData]-Fetched data for sabbirhossainborno@gmail.com
2025-04-29 04:36:37-EID[818126-PMA]-SID[9c36016d-667f-4234-84aa-2ebac50af672]-[INFO] TASK[Booking]-New booking slots request received
2025-04-29 04:36:41-EID[818126-PMA]-SID[9c36016d-667f-4234-84aa-2ebac50af672]-[INFO] TASK[Booking-Summary]-Authentication check
2025-04-29 04:36:42-EID[818126-PMA]-SID[9c36016d-667f-4234-84aa-2ebac50af672]-[INFO] TASK[Booking-Summary]-Authentication check
2025-04-29 04:36:56-EID[818126-PMA]-SID[9c36016d-667f-4234-84aa-2ebac50af672]-[INFO] TASK[Auth Check]-User type : Member (Member)
2025-04-29 04:36:56-EID[818126-PMA]-SID[9c36016d-667f-4234-84aa-2ebac50af672]-[INFO] TASK[DashboardData]-Fetched data for sabbirhossainborno@gmail.com
2025-04-29 04:36:56-EID[818126-PMA]-SID[9c36016d-667f-4234-84aa-2ebac50af672]-[INFO] TASK[DashboardData]-Fetched data for sabbirhossainborno@gmail.com
2025-04-29 04:40:09-EID[818126-PMA]-SID[9c36016d-667f-4234-84aa-2ebac50af672]-[INFO] TASK[Booking]-New booking slots request received
2025-04-29 04:40:13-EID[818126-PMA]-SID[9c36016d-667f-4234-84aa-2ebac50af672]-[INFO] TASK[Booking-Summary]-Authentication check
2025-04-29 04:40:15-EID[818126-PMA]-SID[9c36016d-667f-4234-84aa-2ebac50af672]-[INFO] TASK[Booking-Summary]-Authentication check
2025-04-29 04:40:34-EID[818126-PMA]-SID[9c36016d-667f-4234-84aa-2ebac50af672]-[INFO] TASK[Auth Check]-User type : Member (Member)
2025-04-29 04:40:35-EID[818126-PMA]-SID[9c36016d-667f-4234-84aa-2ebac50af672]-[INFO] TASK[DashboardData]-Fetched data for sabbirhossainborno@gmail.com
2025-04-29 04:40:36-EID[818126-PMA]-SID[9c36016d-667f-4234-84aa-2ebac50af672]-[INFO] TASK[DashboardData]-Fetched data for sabbirhossainborno@gmail.com
2025-04-29 04:41:26-EID[818126-PMA]-SID[9c36016d-667f-4234-84aa-2ebac50af672]-[INFO] TASK[Booking]-New booking slots request received
2025-04-29 04:41:31-EID[818126-PMA]-SID[9c36016d-667f-4234-84aa-2ebac50af672]-[INFO] TASK[Booking]-New booking slots request received
2025-04-29 04:41:36-EID[818126-PMA]-SID[9c36016d-667f-4234-84aa-2ebac50af672]-[INFO] TASK[Booking-Summary]-Authentication check
2025-04-29 04:41:36-EID[818126-PMA]-SID[9c36016d-667f-4234-84aa-2ebac50af672]-[INFO] TASK[Booking-Summary]-Authentication check
2025-04-29 04:41:51-EID[818126-PMA]-SID[9c36016d-667f-4234-84aa-2ebac50af672]-[INFO] TASK[Auth Check]-User type : Member (Member)
2025-04-29 04:41:53-EID[818126-PMA]-SID[9c36016d-667f-4234-84aa-2ebac50af672]-[INFO] TASK[DashboardData]-Fetched data for sabbirhossainborno@gmail.com
2025-04-29 04:41:53-EID[818126-PMA]-SID[9c36016d-667f-4234-84aa-2ebac50af672]-[INFO] TASK[DashboardData]-Fetched data for sabbirhossainborno@gmail.com
