2025-03-26 02:48:11-EID[]-SID[]-[INFO] TASK[Member Signup]-Profile photo saved successfully
2025-03-26 03:16:53-EID[]-SID[88e6b36d-1e91-4aec-b804-e98fa5c288b7]-[INFO] TASK[Login]-Login attempt for sabbirhossainborno@gmail.com from IP ::ffff:127.0.0.1
2025-03-26 03:16:53-EID[]-SID[88e6b36d-1e91-4aec-b804-e98fa5c288b7]-[INFO] TASK[DBCheck]-Looking for sabbirhossainborno@gmail.com in member
2025-03-26 03:16:53-EID[]-SID[88e6b36d-1e91-4aec-b804-e98fa5c288b7]-[ERROR] TASK[SystemError]-Error: Database operation failed: relation "member" does not exist
2025-03-26 03:24:24-EID[]-SID[7adc00f5-87b7-4df8-ad06-c14238ee7f71]-[INFO] TASK[Login]-Login attempt for sabbirhossainborno@gmail.com from IP ::1
2025-03-26 03:24:24-EID[]-SID[7adc00f5-87b7-4df8-ad06-c14238ee7f71]-[INFO] TASK[DBCheck]-Looking for sabbirhossainborno@gmail.com in member
2025-03-26 03:24:24-EID[]-SID[7adc00f5-87b7-4df8-ad06-c14238ee7f71]-[ERROR] TASK[SystemError]-Error: Database operation failed: relation "member" does not exist
2025-03-26 03:25:46-EID[]-SID[0e4f934c-a09b-4958-bf42-da521c2de557]-[INFO] TASK[Login]-Login attempt for sabbirhossainborno@gmail.com from IP ::1
2025-03-26 03:25:46-EID[]-SID[0e4f934c-a09b-4958-bf42-da521c2de557]-[INFO] TASK[DBCheck]-Looking for sabbirhossainborno@gmail.com in member
2025-03-26 03:25:46-EID[]-SID[0e4f934c-a09b-4958-bf42-da521c2de557]-[ERROR] TASK[SystemError]-Error: Database operation failed: relation "member" does not exist
2025-03-26 03:26:41-EID[]-SID[c52f5619-0d50-45a5-b7e2-eb5c1e86fa09]-[INFO] TASK[Login]-Login attempt for sabbirhossainborno@gmail.com from IP ::ffff:127.0.0.1
2025-03-26 03:26:41-EID[]-SID[c52f5619-0d50-45a5-b7e2-eb5c1e86fa09]-[INFO] TASK[DBCheck]-Looking for sabbirhossainborno@gmail.com in member
2025-03-26 03:26:42-EID[]-SID[c52f5619-0d50-45a5-b7e2-eb5c1e86fa09]-[ERROR] TASK[SystemError]-Error: Database operation failed: relation "member" does not exist
2025-03-26 03:28:13-EID[]-SID[ff9b303d-5ab7-489b-bd36-4225ab494d49]-[INFO] TASK[Login]-Login attempt for sabbirhossainborno@gmail.com from IP ::ffff:127.0.0.1
2025-03-26 03:28:13-EID[]-SID[ff9b303d-5ab7-489b-bd36-4225ab494d49]-[INFO] TASK[DBCheck]-Looking for sabbirhossainborno@gmail.com in member
2025-03-26 03:28:13-EID[]-SID[ff9b303d-5ab7-489b-bd36-4225ab494d49]-[ERROR] TASK[SystemError]-Error: Database operation failed: relation "member" does not exist
2025-03-26 03:29:44-EID[]-SID[ba19d688-c19c-4e44-8ce4-e29960c56027]-[INFO] TASK[Login]-Login attempt for sabbirhossainborno@gmail.com from IP ::1
2025-03-26 03:29:44-EID[]-SID[ba19d688-c19c-4e44-8ce4-e29960c56027]-[INFO] TASK[DBCheck]-Looking for sabbirhossainborno@gmail.com in Member
2025-03-26 03:29:44-EID[]-SID[ba19d688-c19c-4e44-8ce4-e29960c56027]-[ERROR] TASK[SystemError]-Error: Database operation failed: relation "member" does not exist
2025-03-26 03:30:52-EID[]-SID[cc1fb58b-aaa1-4e12-a314-1cd142006187]-[INFO] TASK[Login]-Login attempt for sabbirhossainborno@gmail.com from IP ::1
2025-03-26 03:30:52-EID[]-SID[cc1fb58b-aaa1-4e12-a314-1cd142006187]-[INFO] TASK[DBCheck]-Looking for sabbirhossainborno@gmail.com in Member
2025-03-26 03:30:53-EID[]-SID[cc1fb58b-aaa1-4e12-a314-1cd142006187]-[ERROR] TASK[SystemError]-Error: Database operation failed: relation "member" does not exist
2025-03-26 03:31:47-EID[]-SID[316cebdc-8d80-40d4-a95e-4ffc78edce3f]-[INFO] TASK[Login]-Login attempt for sabbirhossainborno@gmail.com from IP ::1
2025-03-26 03:31:47-EID[]-SID[316cebdc-8d80-40d4-a95e-4ffc78edce3f]-[INFO] TASK[DBCheck]-Looking for sabbirhossainborno@gmail.com in Member
2025-03-26 03:31:47-EID[]-SID[316cebdc-8d80-40d4-a95e-4ffc78edce3f]-[ERROR] TASK[SystemError]-Error: Database operation failed: relation "member" does not exist
2025-03-26 03:32:22-EID[]-SID[32a411c5-81f7-4676-b51d-a83501f62f02]-[INFO] TASK[Login]-Login attempt for sabbirhossainborno@gmail.com from IP ::ffff:127.0.0.1
2025-03-26 03:32:22-EID[]-SID[32a411c5-81f7-4676-b51d-a83501f62f02]-[INFO] TASK[DBCheck]-Looking for sabbirhossainborno@gmail.com in pma_member_info
2025-03-26 03:32:22-EID[895259-PMA]-SID[32a411c5-81f7-4676-b51d-a83501f62f02]-[INFO] TASK[Generate EID]-Generated EID 895259-PMA for user sabbirhossainborno@gmail.com
2025-03-26 03:32:22-EID[895259-PMA]-SID[32a411c5-81f7-4676-b51d-a83501f62f02]-[INFO] TASK[AuthSuccess]-Successful pma_member_info login for sabbirhossainborno@gmail.com
2025-03-26 03:54:05-EID[]-SID[348e1e61-bcca-479f-9b33-436c8d548665]-[INFO] TASK[Login]-Login attempt for sabbirhossainborno@gmail.com from IP ::1
2025-03-26 03:54:05-EID[]-SID[348e1e61-bcca-479f-9b33-436c8d548665]-[INFO] TASK[DBCheck]-Looking for sabbirhossainborno@gmail.com in pma_member_info
2025-03-26 03:54:05-EID[817498-PMA]-SID[348e1e61-bcca-479f-9b33-436c8d548665]-[INFO] TASK[Generate EID]-Generated EID 817498-PMA for user sabbirhossainborno@gmail.com
2025-03-26 03:54:05-EID[817498-PMA]-SID[348e1e61-bcca-479f-9b33-436c8d548665]-[INFO] TASK[AuthSuccess]-Successful pma_member_info login for sabbirhossainborno@gmail.com
2025-03-26 03:56:30-EID[817498-PMA]-SID[348e1e61-bcca-479f-9b33-436c8d548665]-[INFO] TASK[Auth Check]-User type : Member (Member)
2025-03-26 03:56:31-EID[817498-PMA]-SID[348e1e61-bcca-479f-9b33-436c8d548665]-[ERROR] TASK[DashboardAPI]-Database operation failed: column "photo" does not exist
2025-03-26 03:56:32-EID[817498-PMA]-SID[348e1e61-bcca-479f-9b33-436c8d548665]-[ERROR] TASK[DashboardAPI]-Database operation failed: column "photo" does not exist
2025-03-26 03:58:27-EID[]-SID[cb301354-8f52-4f7f-8ed7-bd8fed420d5f]-[INFO] TASK[Login]-Login attempt for sabbirhossainborno@gmail.com from IP ::ffff:127.0.0.1
2025-03-26 03:58:27-EID[]-SID[cb301354-8f52-4f7f-8ed7-bd8fed420d5f]-[INFO] TASK[DBCheck]-Looking for sabbirhossainborno@gmail.com in pma_member_info
2025-03-26 03:58:27-EID[766961-PMA]-SID[cb301354-8f52-4f7f-8ed7-bd8fed420d5f]-[INFO] TASK[Generate EID]-Generated EID 766961-PMA for user sabbirhossainborno@gmail.com
2025-03-26 03:58:28-EID[766961-PMA]-SID[cb301354-8f52-4f7f-8ed7-bd8fed420d5f]-[INFO] TASK[AuthSuccess]-Successful pma_member_info login for sabbirhossainborno@gmail.com
2025-03-26 03:58:29-EID[766961-PMA]-SID[cb301354-8f52-4f7f-8ed7-bd8fed420d5f]-[INFO] TASK[Auth Check]-User type : Member (Member)
2025-03-26 03:58:29-EID[766961-PMA]-SID[cb301354-8f52-4f7f-8ed7-bd8fed420d5f]-[INFO] TASK[DashboardData]-Fetched data for sabbirhossainborno@gmail.com
2025-03-26 03:58:29-EID[766961-PMA]-SID[cb301354-8f52-4f7f-8ed7-bd8fed420d5f]-[INFO] TASK[DashboardData]-Fetched data for sabbirhossainborno@gmail.com
2025-03-26 04:48:26-EID[]-SID[423a807e-eab3-4aa2-9fd0-cfa18db4753e]-[INFO] TASK[Login]-Login attempt for sabbirhossainborno@gmail.com from IP ::1
2025-03-26 04:48:26-EID[]-SID[423a807e-eab3-4aa2-9fd0-cfa18db4753e]-[INFO] TASK[DBCheck]-Looking for sabbirhossainborno@gmail.com in pma_member_info
2025-03-26 04:48:26-EID[619585-PMA]-SID[423a807e-eab3-4aa2-9fd0-cfa18db4753e]-[INFO] TASK[Generate EID]-Generated EID 619585-PMA for user sabbirhossainborno@gmail.com
2025-03-26 04:48:26-EID[619585-PMA]-SID[423a807e-eab3-4aa2-9fd0-cfa18db4753e]-[INFO] TASK[AuthSuccess]-Successful pma_member_info login for sabbirhossainborno@gmail.com
2025-03-26 04:48:34-EID[619585-PMA]-SID[423a807e-eab3-4aa2-9fd0-cfa18db4753e]-[INFO] TASK[Auth Check]-User type : Member (Member)
2025-03-26 04:48:35-EID[619585-PMA]-SID[423a807e-eab3-4aa2-9fd0-cfa18db4753e]-[INFO] TASK[DashboardData]-Fetched data for sabbirhossainborno@gmail.com
2025-03-26 04:48:35-EID[619585-PMA]-SID[423a807e-eab3-4aa2-9fd0-cfa18db4753e]-[INFO] TASK[DashboardData]-Fetched data for sabbirhossainborno@gmail.com
2025-03-26 04:48:45-EID[619585-PMA]-SID[423a807e-eab3-4aa2-9fd0-cfa18db4753e]-[INFO] TASK[Auth Check]-User type : Member (Member)
2025-03-26 04:48:46-EID[619585-PMA]-SID[423a807e-eab3-4aa2-9fd0-cfa18db4753e]-[INFO] TASK[DashboardData]-Fetched data for sabbirhossainborno@gmail.com
2025-03-26 04:48:46-EID[619585-PMA]-SID[423a807e-eab3-4aa2-9fd0-cfa18db4753e]-[INFO] TASK[DashboardData]-Fetched data for sabbirhossainborno@gmail.com
2025-03-26 04:49:50-EID[619585-PMA]-SID[423a807e-eab3-4aa2-9fd0-cfa18db4753e]-[INFO] TASK[Auth Check]-User type : Member (Member)
2025-03-26 04:49:51-EID[619585-PMA]-SID[423a807e-eab3-4aa2-9fd0-cfa18db4753e]-[INFO] TASK[DashboardData]-Fetched data for sabbirhossainborno@gmail.com
2025-03-26 04:49:51-EID[619585-PMA]-SID[423a807e-eab3-4aa2-9fd0-cfa18db4753e]-[INFO] TASK[DashboardData]-Fetched data for sabbirhossainborno@gmail.com
2025-03-26 04:50:40-EID[619585-PMA]-SID[423a807e-eab3-4aa2-9fd0-cfa18db4753e]-[INFO] TASK[Auth Check]-User type : Member (Member)
2025-03-26 04:50:41-EID[619585-PMA]-SID[423a807e-eab3-4aa2-9fd0-cfa18db4753e]-[INFO] TASK[DashboardData]-Fetched data for sabbirhossainborno@gmail.com
2025-03-26 04:50:41-EID[619585-PMA]-SID[423a807e-eab3-4aa2-9fd0-cfa18db4753e]-[INFO] TASK[DashboardData]-Fetched data for sabbirhossainborno@gmail.com
2025-03-26 04:53:33-EID[619585-PMA]-SID[423a807e-eab3-4aa2-9fd0-cfa18db4753e]-[INFO] TASK[Auth Check]-User type : Member (Member)
2025-03-26 04:53:41-EID[619585-PMA]-SID[423a807e-eab3-4aa2-9fd0-cfa18db4753e]-[INFO] TASK[DashboardData]-Fetched data for sabbirhossainborno@gmail.com
2025-03-26 04:53:42-EID[619585-PMA]-SID[423a807e-eab3-4aa2-9fd0-cfa18db4753e]-[INFO] TASK[DashboardData]-Fetched data for sabbirhossainborno@gmail.com
2025-03-26 04:55:04-EID[619585-PMA]-SID[423a807e-eab3-4aa2-9fd0-cfa18db4753e]-[INFO] TASK[Logout]-Member sabbirhossainborno@gmail.com logged out from ::ffff:127.0.0.1
2025-03-26 04:55:57-EID[]-SID[f9ca7a5f-e49e-4d3f-be19-b9a0820bdbc2]-[INFO] TASK[Login]-Login attempt for sabbirhossainborno@gmail.com from IP ::ffff:127.0.0.1
2025-03-26 04:55:57-EID[]-SID[f9ca7a5f-e49e-4d3f-be19-b9a0820bdbc2]-[INFO] TASK[DBCheck]-Looking for sabbirhossainborno@gmail.com in pma_member_info
2025-03-26 04:55:57-EID[224205-PMA]-SID[f9ca7a5f-e49e-4d3f-be19-b9a0820bdbc2]-[INFO] TASK[Generate EID]-Generated EID 224205-PMA for user sabbirhossainborno@gmail.com
2025-03-26 04:55:57-EID[224205-PMA]-SID[f9ca7a5f-e49e-4d3f-be19-b9a0820bdbc2]-[INFO] TASK[AuthSuccess]-Successful pma_member_info login for sabbirhossainborno@gmail.com
2025-03-26 04:56:00-EID[224205-PMA]-SID[f9ca7a5f-e49e-4d3f-be19-b9a0820bdbc2]-[INFO] TASK[Auth Check]-User type : Member (Member)
2025-03-26 04:56:09-EID[224205-PMA]-SID[f9ca7a5f-e49e-4d3f-be19-b9a0820bdbc2]-[INFO] TASK[DashboardData]-Fetched data for sabbirhossainborno@gmail.com
2025-03-26 04:56:10-EID[224205-PMA]-SID[f9ca7a5f-e49e-4d3f-be19-b9a0820bdbc2]-[INFO] TASK[DashboardData]-Fetched data for sabbirhossainborno@gmail.com
2025-03-26 04:56:28-EID[224205-PMA]-SID[f9ca7a5f-e49e-4d3f-be19-b9a0820bdbc2]-[INFO] TASK[Logout]-Member sabbirhossainborno@gmail.com logged out from ::ffff:127.0.0.1
2025-03-26 04:56:38-EID[]-SID[]-[WARN] TASK[Auth Check]-IP: ::1 | UA: Mozilla/5.0 (Windows NT 10.0; Win64; x64) AppleWebKit/537.36 (KHTML, like Gecko) Chrome/134.0.0.0 Safari/537.36 Edg/134.0.0.0
2025-03-26 04:56:38-EID[]-SID[]-[WARN] TASK[DashboardAuth]-Missing authentication cookies
2025-03-26 04:56:38-EID[]-SID[]-[WARN] TASK[DashboardAuth]-Missing authentication cookies
2025-03-26 04:57:04-EID[]-SID[3dfb5f2d-18fc-44ae-8561-eabc7a01c819]-[INFO] TASK[Login]-Login attempt for sabbirhossainborno@gmail.com from IP ::1
2025-03-26 04:57:04-EID[]-SID[3dfb5f2d-18fc-44ae-8561-eabc7a01c819]-[INFO] TASK[DBCheck]-Looking for sabbirhossainborno@gmail.com in pma_member_info
2025-03-26 04:57:04-EID[708340-PMA]-SID[3dfb5f2d-18fc-44ae-8561-eabc7a01c819]-[INFO] TASK[Generate EID]-Generated EID 708340-PMA for user sabbirhossainborno@gmail.com
2025-03-26 04:57:04-EID[708340-PMA]-SID[3dfb5f2d-18fc-44ae-8561-eabc7a01c819]-[INFO] TASK[AuthSuccess]-Successful pma_member_info login for sabbirhossainborno@gmail.com
2025-03-26 04:57:05-EID[708340-PMA]-SID[3dfb5f2d-18fc-44ae-8561-eabc7a01c819]-[INFO] TASK[Auth Check]-User type : Member (Member)
2025-03-26 04:57:06-EID[708340-PMA]-SID[3dfb5f2d-18fc-44ae-8561-eabc7a01c819]-[INFO] TASK[DashboardData]-Fetched data for sabbirhossainborno@gmail.com
2025-03-26 04:57:06-EID[708340-PMA]-SID[3dfb5f2d-18fc-44ae-8561-eabc7a01c819]-[INFO] TASK[DashboardData]-Fetched data for sabbirhossainborno@gmail.com
2025-03-26 04:57:12-EID[708340-PMA]-SID[3dfb5f2d-18fc-44ae-8561-eabc7a01c819]-[INFO] TASK[Logout]-Member sabbirhossainborno@gmail.com logged out from ::1
2025-03-26 04:57:16-EID[]-SID[7b1bee67-0922-4775-a9e0-6e91357baa81]-[INFO] TASK[Login]-Login attempt for sabbirhossainborno@gmail.com from IP ::1
2025-03-26 04:57:16-EID[]-SID[7b1bee67-0922-4775-a9e0-6e91357baa81]-[INFO] TASK[DBCheck]-Looking for sabbirhossainborno@gmail.com in pma_member_info
2025-03-26 04:57:16-EID[193584-PMA]-SID[7b1bee67-0922-4775-a9e0-6e91357baa81]-[INFO] TASK[Generate EID]-Generated EID 193584-PMA for user sabbirhossainborno@gmail.com
2025-03-26 04:57:17-EID[193584-PMA]-SID[7b1bee67-0922-4775-a9e0-6e91357baa81]-[INFO] TASK[AuthSuccess]-Successful pma_member_info login for sabbirhossainborno@gmail.com
2025-03-26 04:57:18-EID[193584-PMA]-SID[7b1bee67-0922-4775-a9e0-6e91357baa81]-[INFO] TASK[Auth Check]-User type : Member (Member)
2025-03-26 04:57:18-EID[193584-PMA]-SID[7b1bee67-0922-4775-a9e0-6e91357baa81]-[INFO] TASK[DashboardData]-Fetched data for sabbirhossainborno@gmail.com
2025-03-26 04:57:18-EID[193584-PMA]-SID[7b1bee67-0922-4775-a9e0-6e91357baa81]-[INFO] TASK[DashboardData]-Fetched data for sabbirhossainborno@gmail.com
2025-03-26 04:57:24-EID[193584-PMA]-SID[7b1bee67-0922-4775-a9e0-6e91357baa81]-[INFO] TASK[Logout]-Member sabbirhossainborno@gmail.com logged out from ::ffff:127.0.0.1
2025-03-26 04:58:08-EID[]-SID[6e6ac59e-e9af-4dcb-8880-5597e3448a67]-[INFO] TASK[Login]-Login attempt for sabbirhossainborno@gmail.com from IP ::ffff:127.0.0.1
2025-03-26 04:58:08-EID[]-SID[6e6ac59e-e9af-4dcb-8880-5597e3448a67]-[INFO] TASK[DBCheck]-Looking for sabbirhossainborno@gmail.com in pma_member_info
2025-03-26 04:58:09-EID[329963-PMA]-SID[6e6ac59e-e9af-4dcb-8880-5597e3448a67]-[INFO] TASK[Generate EID]-Generated EID 329963-PMA for user sabbirhossainborno@gmail.com
2025-03-26 04:58:09-EID[329963-PMA]-SID[6e6ac59e-e9af-4dcb-8880-5597e3448a67]-[INFO] TASK[AuthSuccess]-Successful pma_member_info login for sabbirhossainborno@gmail.com
2025-03-26 04:58:27-EID[329963-PMA]-SID[6e6ac59e-e9af-4dcb-8880-5597e3448a67]-[INFO] TASK[Auth Check]-User type : Member (Member)
2025-03-26 04:58:28-EID[329963-PMA]-SID[6e6ac59e-e9af-4dcb-8880-5597e3448a67]-[INFO] TASK[DashboardData]-Fetched data for sabbirhossainborno@gmail.com
2025-03-26 04:58:29-EID[329963-PMA]-SID[6e6ac59e-e9af-4dcb-8880-5597e3448a67]-[INFO] TASK[DashboardData]-Fetched data for sabbirhossainborno@gmail.com
2025-03-26 04:59:38-EID[329963-PMA]-SID[6e6ac59e-e9af-4dcb-8880-5597e3448a67]-[INFO] TASK[Auth Check]-User type : Member (Member)
2025-03-26 04:59:39-EID[329963-PMA]-SID[6e6ac59e-e9af-4dcb-8880-5597e3448a67]-[INFO] TASK[DashboardData]-Fetched data for sabbirhossainborno@gmail.com
2025-03-26 04:59:40-EID[329963-PMA]-SID[6e6ac59e-e9af-4dcb-8880-5597e3448a67]-[INFO] TASK[DashboardData]-Fetched data for sabbirhossainborno@gmail.com
2025-03-26 05:00:03-EID[329963-PMA]-SID[6e6ac59e-e9af-4dcb-8880-5597e3448a67]-[INFO] TASK[Auth Check]-User type : Member (Member)
2025-03-26 05:00:03-EID[329963-PMA]-SID[6e6ac59e-e9af-4dcb-8880-5597e3448a67]-[INFO] TASK[DashboardData]-Fetched data for sabbirhossainborno@gmail.com
2025-03-26 05:00:03-EID[329963-PMA]-SID[6e6ac59e-e9af-4dcb-8880-5597e3448a67]-[INFO] TASK[DashboardData]-Fetched data for sabbirhossainborno@gmail.com
2025-03-26 05:02:42-EID[329963-PMA]-SID[6e6ac59e-e9af-4dcb-8880-5597e3448a67]-[INFO] TASK[Auth Check]-User type : Member (Member)
2025-03-26 05:02:43-EID[329963-PMA]-SID[6e6ac59e-e9af-4dcb-8880-5597e3448a67]-[INFO] TASK[DashboardData]-Fetched data for sabbirhossainborno@gmail.com
2025-03-26 05:02:43-EID[329963-PMA]-SID[6e6ac59e-e9af-4dcb-8880-5597e3448a67]-[INFO] TASK[DashboardData]-Fetched data for sabbirhossainborno@gmail.com
2025-03-26 05:03:41-EID[329963-PMA]-SID[6e6ac59e-e9af-4dcb-8880-5597e3448a67]-[INFO] TASK[Auth Check]-User type : Member (Member)
2025-03-26 05:03:42-EID[329963-PMA]-SID[6e6ac59e-e9af-4dcb-8880-5597e3448a67]-[INFO] TASK[DashboardData]-Fetched data for sabbirhossainborno@gmail.com
2025-03-26 05:03:42-EID[329963-PMA]-SID[6e6ac59e-e9af-4dcb-8880-5597e3448a67]-[INFO] TASK[DashboardData]-Fetched data for sabbirhossainborno@gmail.com
2025-03-26 05:07:01-EID[329963-PMA]-SID[6e6ac59e-e9af-4dcb-8880-5597e3448a67]-[INFO] TASK[Auth Check]-User type : Member (Member)
2025-03-26 05:07:02-EID[329963-PMA]-SID[6e6ac59e-e9af-4dcb-8880-5597e3448a67]-[INFO] TASK[DashboardData]-Fetched data for sabbirhossainborno@gmail.com
2025-03-26 05:07:03-EID[329963-PMA]-SID[6e6ac59e-e9af-4dcb-8880-5597e3448a67]-[INFO] TASK[DashboardData]-Fetched data for sabbirhossainborno@gmail.com
2025-03-26 05:07:28-EID[329963-PMA]-SID[6e6ac59e-e9af-4dcb-8880-5597e3448a67]-[INFO] TASK[Logout]-Member sabbirhossainborno@gmail.com logged out from ::1
2025-03-26 05:24:19-EID[]-SID[e78c14c9-10bf-496a-b91e-31cab0b5c16b]-[INFO] TASK[Login]-Login attempt for sabbirhossainborno@gmail.com from IP ::1
2025-03-26 05:24:19-EID[]-SID[e78c14c9-10bf-496a-b91e-31cab0b5c16b]-[INFO] TASK[DBCheck]-Looking for sabbirhossainborno@gmail.com in pma_member_info
2025-03-26 05:24:19-EID[107276-PMA]-SID[e78c14c9-10bf-496a-b91e-31cab0b5c16b]-[INFO] TASK[Generate EID]-Generated EID 107276-PMA for user sabbirhossainborno@gmail.com
2025-03-26 05:24:19-EID[107276-PMA]-SID[e78c14c9-10bf-496a-b91e-31cab0b5c16b]-[INFO] TASK[AuthSuccess]-Successful pma_member_info login for sabbirhossainborno@gmail.com
2025-03-26 05:24:20-EID[]-SID[]-[WARN] TASK[Auth Check]-IP: ::ffff:127.0.0.1 | UA: Mozilla/5.0 (Windows NT 10.0; Win64; x64) AppleWebKit/537.36 (KHTML, like Gecko) Chrome/134.0.0.0 Safari/537.36 Edg/134.0.0.0
2025-03-26 05:24:20-EID[]-SID[]-[WARN] TASK[DashboardAuth]-Missing authentication cookies
2025-03-26 05:24:29-EID[]-SID[9d1a62a0-1294-4fbc-a045-79e3ecccdcfa]-[INFO] TASK[Login]-Login attempt for sabbirhossainborno@gmail.com from IP ::1
2025-03-26 05:24:29-EID[]-SID[9d1a62a0-1294-4fbc-a045-79e3ecccdcfa]-[INFO] TASK[DBCheck]-Looking for sabbirhossainborno@gmail.com in pma_member_info
2025-03-26 05:24:29-EID[529218-PMA]-SID[9d1a62a0-1294-4fbc-a045-79e3ecccdcfa]-[INFO] TASK[Generate EID]-Generated EID 529218-PMA for user sabbirhossainborno@gmail.com
2025-03-26 05:24:30-EID[529218-PMA]-SID[9d1a62a0-1294-4fbc-a045-79e3ecccdcfa]-[INFO] TASK[AuthSuccess]-Successful pma_member_info login for sabbirhossainborno@gmail.com
2025-03-26 05:24:30-EID[]-SID[]-[WARN] TASK[Auth Check]-IP: ::ffff:127.0.0.1 | UA: Mozilla/5.0 (Windows NT 10.0; Win64; x64) AppleWebKit/537.36 (KHTML, like Gecko) Chrome/134.0.0.0 Safari/537.36 Edg/134.0.0.0
2025-03-26 05:24:31-EID[]-SID[]-[WARN] TASK[DashboardAuth]-Missing authentication cookies
2025-03-26 05:24:40-EID[]-SID[d83c483a-2ee0-4b91-939d-3c1c99204bca]-[INFO] TASK[Login]-Login attempt for sabbirhossainborno@gmail.com from IP ::ffff:127.0.0.1
2025-03-26 05:24:40-EID[]-SID[d83c483a-2ee0-4b91-939d-3c1c99204bca]-[INFO] TASK[DBCheck]-Looking for sabbirhossainborno@gmail.com in pma_member_info
2025-03-26 05:24:40-EID[421946-PMA]-SID[d83c483a-2ee0-4b91-939d-3c1c99204bca]-[INFO] TASK[Generate EID]-Generated EID 421946-PMA for user sabbirhossainborno@gmail.com
2025-03-26 05:24:41-EID[421946-PMA]-SID[d83c483a-2ee0-4b91-939d-3c1c99204bca]-[INFO] TASK[AuthSuccess]-Successful pma_member_info login for sabbirhossainborno@gmail.com
2025-03-26 05:24:41-EID[]-SID[]-[WARN] TASK[Auth Check]-IP: ::1 | UA: Mozilla/5.0 (Windows NT 10.0; Win64; x64) AppleWebKit/537.36 (KHTML, like Gecko) Chrome/134.0.0.0 Safari/537.36 Edg/134.0.0.0
2025-03-26 05:24:41-EID[]-SID[]-[WARN] TASK[DashboardAuth]-Missing authentication cookies
2025-03-26 05:24:54-EID[]-SID[6dd19037-23fe-4126-ac39-32e81a4661f5]-[INFO] TASK[Login]-Login attempt for sabbirhossainborno@gmail.com from IP ::ffff:127.0.0.1
2025-03-26 05:24:54-EID[]-SID[6dd19037-23fe-4126-ac39-32e81a4661f5]-[INFO] TASK[DBCheck]-Looking for sabbirhossainborno@gmail.com in pma_member_info
2025-03-26 05:24:54-EID[343709-PMA]-SID[6dd19037-23fe-4126-ac39-32e81a4661f5]-[INFO] TASK[Generate EID]-Generated EID 343709-PMA for user sabbirhossainborno@gmail.com
2025-03-26 05:24:54-EID[343709-PMA]-SID[6dd19037-23fe-4126-ac39-32e81a4661f5]-[INFO] TASK[AuthSuccess]-Successful pma_member_info login for sabbirhossainborno@gmail.com
2025-03-26 05:24:55-EID[]-SID[]-[WARN] TASK[Auth Check]-IP: ::1 | UA: Mozilla/5.0 (Windows NT 10.0; Win64; x64) AppleWebKit/537.36 (KHTML, like Gecko) Chrome/134.0.0.0 Safari/537.36 Edg/134.0.0.0
2025-03-26 05:24:55-EID[]-SID[]-[WARN] TASK[DashboardAuth]-Missing authentication cookies
2025-03-26 05:26:20-EID[]-SID[dae5b4e9-9550-4433-9965-20fea8b78d86]-[INFO] TASK[Login]-Login attempt for sabbirhossainborno@gmail.com from IP ::1
2025-03-26 05:26:20-EID[]-SID[dae5b4e9-9550-4433-9965-20fea8b78d86]-[INFO] TASK[DBCheck]-Looking for sabbirhossainborno@gmail.com in pma_member_info
2025-03-26 05:26:20-EID[423592-PMA]-SID[dae5b4e9-9550-4433-9965-20fea8b78d86]-[INFO] TASK[Generate EID]-Generated EID 423592-PMA for user sabbirhossainborno@gmail.com
2025-03-26 05:26:20-EID[423592-PMA]-SID[dae5b4e9-9550-4433-9965-20fea8b78d86]-[INFO] TASK[AuthSuccess]-Successful pma_member_info login for sabbirhossainborno@gmail.com
2025-03-26 05:26:21-EID[]-SID[]-[WARN] TASK[Auth Check]-IP: ::ffff:127.0.0.1 | UA: Mozilla/5.0 (Windows NT 10.0; Win64; x64) AppleWebKit/537.36 (KHTML, like Gecko) Chrome/134.0.0.0 Safari/537.36 Edg/134.0.0.0
2025-03-26 05:26:21-EID[]-SID[]-[WARN] TASK[DashboardAuth]-Missing authentication cookies
