2025-03-30 02:50:56-EID[]-SID[9864102c-602e-487e-9569-e9ba8869d49c]-[INFO] TASK[LoginInit]-Login attempt for sabbirhossainborno@gmail.com from 103.180.244.251
2025-03-30 02:50:56-EID[]-SID[9864102c-602e-487e-9569-e9ba8869d49c]-[INFO] TASK[MemberLogin]-Successful login for member: sabbirhossainborno@gmail.com
2025-03-30 02:50:56-EID[389748-PMA]-SID[9864102c-602e-487e-9569-e9ba8869d49c]-[INFO] TASK[LoginSuccess]-Session established for sabbirhossainborno@gmail.com
2025-03-30 02:50:57-EID[389748-PMA]-SID[9864102c-602e-487e-9569-e9ba8869d49c]-[INFO] TASK[Auth Check]-User type : Member (Member)
2025-03-30 02:50:57-EID[389748-PMA]-SID[9864102c-602e-487e-9569-e9ba8869d49c]-[INFO] TASK[DashboardData]-Fetched data for sabbirhossainborno@gmail.com
2025-03-30 03:23:33-EID[]-SID[1ae329a3-e858-4162-b48b-f24ddcfd086e]-[INFO] TASK[LoginInit]-Login attempt for sabbirhossainborno@gmail.com from 103.180.244.251
2025-03-30 03:23:33-EID[]-SID[1ae329a3-e858-4162-b48b-f24ddcfd086e]-[INFO] TASK[MemberLogin]-Successful login for member: sabbirhossainborno@gmail.com
2025-03-30 03:23:33-EID[824221-PMA]-SID[1ae329a3-e858-4162-b48b-f24ddcfd086e]-[INFO] TASK[LoginSuccess]-Session established for sabbirhossainborno@gmail.com
2025-03-30 03:23:47-EID[824221-PMA]-SID[1ae329a3-e858-4162-b48b-f24ddcfd086e]-[INFO] TASK[Auth Check]-User type : Member (Member)
2025-03-30 03:23:48-EID[824221-PMA]-SID[1ae329a3-e858-4162-b48b-f24ddcfd086e]-[INFO] TASK[DashboardData]-Fetched data for sabbirhossainborno@gmail.com
2025-03-30 03:23:48-EID[824221-PMA]-SID[1ae329a3-e858-4162-b48b-f24ddcfd086e]-[INFO] TASK[DashboardData]-Fetched data for sabbirhossainborno@gmail.com
2025-03-30 03:38:58-EID[]-SID[2577a2a9-8483-4d0b-87e6-c07d168cabf1]-[INFO] TASK[LoginInit]-Login attempt for sabbirhossainborno@gmail.com from 103.180.244.251
2025-03-30 03:38:58-EID[]-SID[2577a2a9-8483-4d0b-87e6-c07d168cabf1]-[INFO] TASK[MemberLogin]-Successful login for member: sabbirhossainborno@gmail.com
2025-03-30 03:38:58-EID[722693-PMA]-SID[2577a2a9-8483-4d0b-87e6-c07d168cabf1]-[INFO] TASK[LoginSuccess]-Session established for sabbirhossainborno@gmail.com
2025-03-30 03:39:03-EID[722693-PMA]-SID[2577a2a9-8483-4d0b-87e6-c07d168cabf1]-[INFO] TASK[Auth Check]-User type : Member (Member)
2025-03-30 03:39:04-EID[722693-PMA]-SID[2577a2a9-8483-4d0b-87e6-c07d168cabf1]-[INFO] TASK[DashboardData]-Fetched data for sabbirhossainborno@gmail.com
2025-03-30 03:39:04-EID[722693-PMA]-SID[2577a2a9-8483-4d0b-87e6-c07d168cabf1]-[INFO] TASK[DashboardData]-Fetched data for sabbirhossainborno@gmail.com
2025-03-30 03:51:02-EID[722693-PMA]-SID[2577a2a9-8483-4d0b-87e6-c07d168cabf1]-[INFO] TASK[Auth Check]-Last activity: 2025-03-29T21:40:58.313Z
2025-03-30 03:51:02-EID[722693-PMA]-SID[]-[WARN] TASK[DashboardAuth]-Missing authentication cookies
2025-03-30 03:51:03-EID[722693-PMA]-SID[]-[WARN] TASK[DashboardAuth]-Missing authentication cookies
2025-03-30 03:51:22-EID[]-SID[03033f3b-6e89-4109-94d4-04b34dedcac2]-[INFO] TASK[LoginInit]-Login attempt for sabbirhossainborno@gmail.com from 103.180.244.251
2025-03-30 03:51:22-EID[]-SID[03033f3b-6e89-4109-94d4-04b34dedcac2]-[INFO] TASK[MemberLogin]-Successful login for member: sabbirhossainborno@gmail.com
2025-03-30 03:51:23-EID[161358-PMA]-SID[03033f3b-6e89-4109-94d4-04b34dedcac2]-[INFO] TASK[LoginSuccess]-Session established for sabbirhossainborno@gmail.com
2025-03-30 03:51:24-EID[161358-PMA]-SID[03033f3b-6e89-4109-94d4-04b34dedcac2]-[INFO] TASK[Auth Check]-User type : Member (Member)
2025-03-30 03:51:24-EID[161358-PMA]-SID[03033f3b-6e89-4109-94d4-04b34dedcac2]-[INFO] TASK[DashboardData]-Fetched data for sabbirhossainborno@gmail.com
2025-03-30 03:51:24-EID[161358-PMA]-SID[03033f3b-6e89-4109-94d4-04b34dedcac2]-[INFO] TASK[DashboardData]-Fetched data for sabbirhossainborno@gmail.com
2025-03-30 03:54:46-EID[161358-PMA]-SID[03033f3b-6e89-4109-94d4-04b34dedcac2]-[INFO] TASK[Auth Check]-User type : Member (Member)
2025-03-30 03:54:47-EID[161358-PMA]-SID[03033f3b-6e89-4109-94d4-04b34dedcac2]-[INFO] TASK[DashboardData]-Fetched data for sabbirhossainborno@gmail.com
2025-03-30 03:54:47-EID[161358-PMA]-SID[03033f3b-6e89-4109-94d4-04b34dedcac2]-[INFO] TASK[DashboardData]-Fetched data for sabbirhossainborno@gmail.com
2025-03-30 04:33:42-EID[]-SID[afe0af9b-3b03-485b-9bbb-1ce9f2b3bec8]-[INFO] TASK[LoginInit]-Login attempt for sabbirhossainborno@gmail.com from 103.180.244.251
2025-03-30 04:33:43-EID[]-SID[afe0af9b-3b03-485b-9bbb-1ce9f2b3bec8]-[INFO] TASK[MemberLogin]-Successful login for member: sabbirhossainborno@gmail.com
2025-03-30 04:33:44-EID[370287-PMA]-SID[afe0af9b-3b03-485b-9bbb-1ce9f2b3bec8]-[INFO] TASK[LoginSuccess]-Session established for sabbirhossainborno@gmail.com
2025-03-30 04:33:59-EID[370287-PMA]-SID[afe0af9b-3b03-485b-9bbb-1ce9f2b3bec8]-[INFO] TASK[Auth Check]-User type : Member (Member)
2025-03-30 04:34:00-EID[370287-PMA]-SID[afe0af9b-3b03-485b-9bbb-1ce9f2b3bec8]-[INFO] TASK[DashboardData]-Fetched data for sabbirhossainborno@gmail.com
2025-03-30 04:34:00-EID[370287-PMA]-SID[afe0af9b-3b03-485b-9bbb-1ce9f2b3bec8]-[INFO] TASK[DashboardData]-Fetched data for sabbirhossainborno@gmail.com
2025-03-30 04:35:01-EID[370287-PMA]-SID[afe0af9b-3b03-485b-9bbb-1ce9f2b3bec8]-[INFO] TASK[Auth Check]-User type : Member (Member)
2025-03-30 04:35:02-EID[370287-PMA]-SID[afe0af9b-3b03-485b-9bbb-1ce9f2b3bec8]-[INFO] TASK[DashboardData]-Fetched data for sabbirhossainborno@gmail.com
2025-03-30 04:35:03-EID[370287-PMA]-SID[afe0af9b-3b03-485b-9bbb-1ce9f2b3bec8]-[INFO] TASK[DashboardData]-Fetched data for sabbirhossainborno@gmail.com
2025-03-30 04:35:38-EID[370287-PMA]-SID[afe0af9b-3b03-485b-9bbb-1ce9f2b3bec8]-[INFO] TASK[Auth Check]-User type : Member (Member)
2025-03-30 04:35:39-EID[370287-PMA]-SID[afe0af9b-3b03-485b-9bbb-1ce9f2b3bec8]-[INFO] TASK[DashboardData]-Fetched data for sabbirhossainborno@gmail.com
2025-03-30 04:35:39-EID[370287-PMA]-SID[afe0af9b-3b03-485b-9bbb-1ce9f2b3bec8]-[INFO] TASK[DashboardData]-Fetched data for sabbirhossainborno@gmail.com
2025-03-30 04:36:29-EID[370287-PMA]-SID[afe0af9b-3b03-485b-9bbb-1ce9f2b3bec8]-[INFO] TASK[Auth Check]-User type : Member (Member)
2025-03-30 04:36:29-EID[370287-PMA]-SID[afe0af9b-3b03-485b-9bbb-1ce9f2b3bec8]-[INFO] TASK[DashboardData]-Fetched data for sabbirhossainborno@gmail.com
2025-03-30 04:36:29-EID[370287-PMA]-SID[afe0af9b-3b03-485b-9bbb-1ce9f2b3bec8]-[INFO] TASK[DashboardData]-Fetched data for sabbirhossainborno@gmail.com
2025-03-30 04:49:29-EID[]-SID[7f4d7dfe-4025-4fb2-96b3-44c29b0fa67d]-[INFO] TASK[LoginInit]-Login attempt for sabbirhossainborno@gmail.com from 103.180.244.251
2025-03-30 04:49:29-EID[]-SID[7f4d7dfe-4025-4fb2-96b3-44c29b0fa67d]-[INFO] TASK[MemberLogin]-Successful login for member: sabbirhossainborno@gmail.com
2025-03-30 04:49:29-EID[776900-PMA]-SID[7f4d7dfe-4025-4fb2-96b3-44c29b0fa67d]-[INFO] TASK[LoginSuccess]-Session established for sabbirhossainborno@gmail.com
2025-03-30 04:49:31-EID[776900-PMA]-SID[7f4d7dfe-4025-4fb2-96b3-44c29b0fa67d]-[INFO] TASK[Auth Check]-User type : Member (Member)
2025-03-30 04:49:32-EID[776900-PMA]-SID[7f4d7dfe-4025-4fb2-96b3-44c29b0fa67d]-[INFO] TASK[DashboardData]-Fetched data for sabbirhossainborno@gmail.com
2025-03-30 04:49:32-EID[776900-PMA]-SID[7f4d7dfe-4025-4fb2-96b3-44c29b0fa67d]-[INFO] TASK[DashboardData]-Fetched data for sabbirhossainborno@gmail.com
2025-03-30 04:50:15-EID[776900-PMA]-SID[7f4d7dfe-4025-4fb2-96b3-44c29b0fa67d]-[INFO] TASK[Auth Check]-User type : Member (Member)
2025-03-30 04:50:16-EID[776900-PMA]-SID[7f4d7dfe-4025-4fb2-96b3-44c29b0fa67d]-[INFO] TASK[DashboardData]-Fetched data for sabbirhossainborno@gmail.com
2025-03-30 04:50:17-EID[776900-PMA]-SID[7f4d7dfe-4025-4fb2-96b3-44c29b0fa67d]-[INFO] TASK[DashboardData]-Fetched data for sabbirhossainborno@gmail.com
2025-03-30 04:51:04-EID[776900-PMA]-SID[7f4d7dfe-4025-4fb2-96b3-44c29b0fa67d]-[INFO] TASK[Auth Check]-User type : Member (Member)
2025-03-30 04:51:04-EID[776900-PMA]-SID[7f4d7dfe-4025-4fb2-96b3-44c29b0fa67d]-[INFO] TASK[DashboardData]-Fetched data for sabbirhossainborno@gmail.com
2025-03-30 04:51:05-EID[776900-PMA]-SID[7f4d7dfe-4025-4fb2-96b3-44c29b0fa67d]-[INFO] TASK[DashboardData]-Fetched data for sabbirhossainborno@gmail.com
2025-03-30 04:52:32-EID[]-SID[8375d14b-3c99-4fd3-8ce3-c5636ba2c9a8]-[INFO] TASK[LoginInit]-Login attempt for sabbirhossainborno@gmail.com from 103.180.244.251
2025-03-30 04:52:32-EID[]-SID[8375d14b-3c99-4fd3-8ce3-c5636ba2c9a8]-[INFO] TASK[MemberLogin]-Successful login for member: sabbirhossainborno@gmail.com
2025-03-30 04:52:32-EID[673270-PMA]-SID[8375d14b-3c99-4fd3-8ce3-c5636ba2c9a8]-[INFO] TASK[LoginSuccess]-Session established for sabbirhossainborno@gmail.com
2025-03-30 04:52:36-EID[673270-PMA]-SID[8375d14b-3c99-4fd3-8ce3-c5636ba2c9a8]-[INFO] TASK[Auth Check]-User type : Member (Member)
2025-03-30 04:52:37-EID[673270-PMA]-SID[8375d14b-3c99-4fd3-8ce3-c5636ba2c9a8]-[INFO] TASK[DashboardData]-Fetched data for sabbirhossainborno@gmail.com
2025-03-30 04:52:37-EID[673270-PMA]-SID[8375d14b-3c99-4fd3-8ce3-c5636ba2c9a8]-[INFO] TASK[DashboardData]-Fetched data for sabbirhossainborno@gmail.com
2025-03-30 04:53:51-EID[673270-PMA]-SID[8375d14b-3c99-4fd3-8ce3-c5636ba2c9a8]-[INFO] TASK[Auth Check]-User type : Member (Member)
2025-03-30 04:53:52-EID[673270-PMA]-SID[8375d14b-3c99-4fd3-8ce3-c5636ba2c9a8]-[INFO] TASK[DashboardData]-Fetched data for sabbirhossainborno@gmail.com
2025-03-30 04:53:52-EID[673270-PMA]-SID[8375d14b-3c99-4fd3-8ce3-c5636ba2c9a8]-[INFO] TASK[DashboardData]-Fetched data for sabbirhossainborno@gmail.com
2025-03-30 04:54:03-EID[673270-PMA]-SID[8375d14b-3c99-4fd3-8ce3-c5636ba2c9a8]-[INFO] TASK[LogoutInit]-Logout request received from IP: 103.180.244.251
2025-03-30 04:54:03-EID[673270-PMA]-SID[8375d14b-3c99-4fd3-8ce3-c5636ba2c9a8]-[INFO] TASK[LogoutProcess]-Processing logout for Member: sabbirhossainborno@gmail.com
2025-03-30 04:54:03-EID[673270-PMA]-SID[8375d14b-3c99-4fd3-8ce3-c5636ba2c9a8]-[INFO] TASK[MemberLogout]-Updated login status for member: sabbirhossainborno@gmail.com
2025-03-30 04:54:03-EID[673270-PMA]-SID[8375d14b-3c99-4fd3-8ce3-c5636ba2c9a8]-[INFO] TASK[LogoutSuccess]-Completed logout for Member: sabbirhossainborno@gmail.com
2025-03-30 04:54:13-EID[]-SID[bec49de3-242f-4fe1-899c-8023436bd80b]-[INFO] TASK[LoginInit]-Login attempt for sabbirhossainborno@gmail.com from 103.180.244.251
2025-03-30 04:54:13-EID[]-SID[bec49de3-242f-4fe1-899c-8023436bd80b]-[INFO] TASK[MemberLogin]-Successful login for member: sabbirhossainborno@gmail.com
2025-03-30 04:54:14-EID[317246-PMA]-SID[bec49de3-242f-4fe1-899c-8023436bd80b]-[INFO] TASK[LoginSuccess]-Session established for sabbirhossainborno@gmail.com
2025-03-30 04:54:14-EID[317246-PMA]-SID[bec49de3-242f-4fe1-899c-8023436bd80b]-[INFO] TASK[Auth Check]-User type : Member (Member)
2025-03-30 04:54:15-EID[317246-PMA]-SID[bec49de3-242f-4fe1-899c-8023436bd80b]-[INFO] TASK[DashboardData]-Fetched data for sabbirhossainborno@gmail.com
2025-03-30 04:54:15-EID[317246-PMA]-SID[bec49de3-242f-4fe1-899c-8023436bd80b]-[INFO] TASK[DashboardData]-Fetched data for sabbirhossainborno@gmail.com
2025-03-30 04:54:47-EID[317246-PMA]-SID[bec49de3-242f-4fe1-899c-8023436bd80b]-[INFO] TASK[Auth Check]-User type : Member (Member)
2025-03-30 04:54:47-EID[317246-PMA]-SID[bec49de3-242f-4fe1-899c-8023436bd80b]-[INFO] TASK[DashboardData]-Fetched data for sabbirhossainborno@gmail.com
2025-03-30 04:54:48-EID[317246-PMA]-SID[bec49de3-242f-4fe1-899c-8023436bd80b]-[INFO] TASK[DashboardData]-Fetched data for sabbirhossainborno@gmail.com
2025-03-30 04:54:50-EID[317246-PMA]-SID[bec49de3-242f-4fe1-899c-8023436bd80b]-[INFO] TASK[LogoutInit]-Logout request received from IP: 103.180.244.251
2025-03-30 04:54:50-EID[317246-PMA]-SID[bec49de3-242f-4fe1-899c-8023436bd80b]-[INFO] TASK[LogoutProcess]-Processing logout for Member: sabbirhossainborno@gmail.com
2025-03-30 04:54:50-EID[317246-PMA]-SID[bec49de3-242f-4fe1-899c-8023436bd80b]-[INFO] TASK[MemberLogout]-Updated login status for member: sabbirhossainborno@gmail.com
2025-03-30 04:54:50-EID[317246-PMA]-SID[bec49de3-242f-4fe1-899c-8023436bd80b]-[INFO] TASK[LogoutSuccess]-Completed logout for Member: sabbirhossainborno@gmail.com
2025-03-30 04:54:56-EID[]-SID[e8ff4c2c-f46c-4d45-a53e-0752717058db]-[INFO] TASK[LoginInit]-Login attempt for sabbirhossainborno@gmail.com from 103.180.244.251
2025-03-30 04:54:56-EID[]-SID[e8ff4c2c-f46c-4d45-a53e-0752717058db]-[INFO] TASK[MemberLogin]-Successful login for member: sabbirhossainborno@gmail.com
2025-03-30 04:54:56-EID[201824-PMA]-SID[e8ff4c2c-f46c-4d45-a53e-0752717058db]-[INFO] TASK[LoginSuccess]-Session established for sabbirhossainborno@gmail.com
2025-03-30 04:54:57-EID[201824-PMA]-SID[e8ff4c2c-f46c-4d45-a53e-0752717058db]-[INFO] TASK[Auth Check]-User type : Member (Member)
2025-03-30 04:54:57-EID[201824-PMA]-SID[e8ff4c2c-f46c-4d45-a53e-0752717058db]-[INFO] TASK[DashboardData]-Fetched data for sabbirhossainborno@gmail.com
2025-03-30 04:54:57-EID[201824-PMA]-SID[e8ff4c2c-f46c-4d45-a53e-0752717058db]-[INFO] TASK[DashboardData]-Fetched data for sabbirhossainborno@gmail.com
2025-03-30 04:57:51-EID[201824-PMA]-SID[e8ff4c2c-f46c-4d45-a53e-0752717058db]-[INFO] TASK[Auth Check]-User type : Member (Member)
2025-03-30 04:57:56-EID[201824-PMA]-SID[e8ff4c2c-f46c-4d45-a53e-0752717058db]-[INFO] TASK[DashboardData]-Fetched data for sabbirhossainborno@gmail.com
2025-03-30 04:57:57-EID[201824-PMA]-SID[e8ff4c2c-f46c-4d45-a53e-0752717058db]-[INFO] TASK[DashboardData]-Fetched data for sabbirhossainborno@gmail.com
2025-03-30 04:58:36-EID[201824-PMA]-SID[e8ff4c2c-f46c-4d45-a53e-0752717058db]-[INFO] TASK[Auth Check]-User type : Member (Member)
2025-03-30 04:58:37-EID[201824-PMA]-SID[e8ff4c2c-f46c-4d45-a53e-0752717058db]-[INFO] TASK[Auth Check]-User type : Member (Member)
2025-03-30 05:01:28-EID[201824-PMA]-SID[e8ff4c2c-f46c-4d45-a53e-0752717058db]-[INFO] TASK[Auth Check]-User type : Member (Member)
2025-03-30 05:01:29-EID[201824-PMA]-SID[e8ff4c2c-f46c-4d45-a53e-0752717058db]-[INFO] TASK[DashboardData]-Fetched data for sabbirhossainborno@gmail.com
2025-03-30 05:01:29-EID[201824-PMA]-SID[e8ff4c2c-f46c-4d45-a53e-0752717058db]-[INFO] TASK[DashboardData]-Fetched data for sabbirhossainborno@gmail.com
2025-03-30 05:08:45-EID[201824-PMA]-SID[e8ff4c2c-f46c-4d45-a53e-0752717058db]-[INFO] TASK[Auth Check]-User type : Member (Member)
2025-03-30 05:08:46-EID[201824-PMA]-SID[e8ff4c2c-f46c-4d45-a53e-0752717058db]-[INFO] TASK[DashboardData]-Fetched data for sabbirhossainborno@gmail.com
2025-03-30 05:08:46-EID[201824-PMA]-SID[e8ff4c2c-f46c-4d45-a53e-0752717058db]-[INFO] TASK[DashboardData]-Fetched data for sabbirhossainborno@gmail.com
2025-03-30 05:08:53-EID[201824-PMA]-SID[e8ff4c2c-f46c-4d45-a53e-0752717058db]-[INFO] TASK[Auth Check]-User type : Member (Member)
2025-03-30 05:08:54-EID[201824-PMA]-SID[e8ff4c2c-f46c-4d45-a53e-0752717058db]-[INFO] TASK[Auth Check]-User type : Member (Member)
2025-03-30 05:09:18-EID[201824-PMA]-SID[e8ff4c2c-f46c-4d45-a53e-0752717058db]-[INFO] TASK[Auth Check]-User type : Member (Member)
2025-03-30 05:09:19-EID[201824-PMA]-SID[e8ff4c2c-f46c-4d45-a53e-0752717058db]-[INFO] TASK[DashboardData]-Fetched data for sabbirhossainborno@gmail.com
2025-03-30 05:09:19-EID[201824-PMA]-SID[e8ff4c2c-f46c-4d45-a53e-0752717058db]-[INFO] TASK[DashboardData]-Fetched data for sabbirhossainborno@gmail.com
2025-03-30 05:09:52-EID[201824-PMA]-SID[e8ff4c2c-f46c-4d45-a53e-0752717058db]-[INFO] TASK[Auth Check]-User type : Member (Member)
2025-03-30 05:09:52-EID[201824-PMA]-SID[e8ff4c2c-f46c-4d45-a53e-0752717058db]-[INFO] TASK[DashboardData]-Fetched data for sabbirhossainborno@gmail.com
2025-03-30 05:09:52-EID[201824-PMA]-SID[e8ff4c2c-f46c-4d45-a53e-0752717058db]-[INFO] TASK[DashboardData]-Fetched data for sabbirhossainborno@gmail.com
2025-03-30 05:10:22-EID[201824-PMA]-SID[e8ff4c2c-f46c-4d45-a53e-0752717058db]-[INFO] TASK[Auth Check]-User type : Member (Member)
2025-03-30 05:10:22-EID[201824-PMA]-SID[e8ff4c2c-f46c-4d45-a53e-0752717058db]-[INFO] TASK[DashboardData]-Fetched data for sabbirhossainborno@gmail.com
2025-03-30 05:10:22-EID[201824-PMA]-SID[e8ff4c2c-f46c-4d45-a53e-0752717058db]-[INFO] TASK[DashboardData]-Fetched data for sabbirhossainborno@gmail.com
2025-03-30 05:10:48-EID[201824-PMA]-SID[e8ff4c2c-f46c-4d45-a53e-0752717058db]-[INFO] TASK[Auth Check]-User type : Member (Member)
2025-03-30 05:10:48-EID[201824-PMA]-SID[e8ff4c2c-f46c-4d45-a53e-0752717058db]-[INFO] TASK[DashboardData]-Fetched data for sabbirhossainborno@gmail.com
2025-03-30 05:10:48-EID[201824-PMA]-SID[e8ff4c2c-f46c-4d45-a53e-0752717058db]-[INFO] TASK[DashboardData]-Fetched data for sabbirhossainborno@gmail.com
2025-03-30 05:13:56-EID[201824-PMA]-SID[e8ff4c2c-f46c-4d45-a53e-0752717058db]-[INFO] TASK[Auth Check]-User type : Member (Member)
2025-03-30 05:13:58-EID[201824-PMA]-SID[e8ff4c2c-f46c-4d45-a53e-0752717058db]-[INFO] TASK[DashboardData]-Fetched data for sabbirhossainborno@gmail.com
2025-03-30 05:13:58-EID[201824-PMA]-SID[e8ff4c2c-f46c-4d45-a53e-0752717058db]-[INFO] TASK[DashboardData]-Fetched data for sabbirhossainborno@gmail.com
2025-03-30 05:14:34-EID[201824-PMA]-SID[e8ff4c2c-f46c-4d45-a53e-0752717058db]-[INFO] TASK[Auth Check]-User type : Member (Member)
2025-03-30 05:14:35-EID[201824-PMA]-SID[e8ff4c2c-f46c-4d45-a53e-0752717058db]-[INFO] TASK[DashboardData]-Fetched data for sabbirhossainborno@gmail.com
2025-03-30 05:14:35-EID[201824-PMA]-SID[e8ff4c2c-f46c-4d45-a53e-0752717058db]-[INFO] TASK[DashboardData]-Fetched data for sabbirhossainborno@gmail.com
2025-03-30 05:17:24-EID[201824-PMA]-SID[e8ff4c2c-f46c-4d45-a53e-0752717058db]-[INFO] TASK[LogoutInit]-Logout request received from IP: 103.180.244.251
2025-03-30 05:17:24-EID[201824-PMA]-SID[e8ff4c2c-f46c-4d45-a53e-0752717058db]-[INFO] TASK[LogoutProcess]-Processing logout for Member: sabbirhossainborno@gmail.com
2025-03-30 05:17:24-EID[201824-PMA]-SID[e8ff4c2c-f46c-4d45-a53e-0752717058db]-[INFO] TASK[MemberLogout]-Updated login status for member: sabbirhossainborno@gmail.com
2025-03-30 05:17:25-EID[201824-PMA]-SID[e8ff4c2c-f46c-4d45-a53e-0752717058db]-[INFO] TASK[LogoutSuccess]-Completed logout for Member: sabbirhossainborno@gmail.com
2025-03-30 13:23:08-EID[]-SID[72a85938-76e5-43cf-a8c7-ff5226a3700c]-[INFO] TASK[LoginInit]-Login attempt for sabbirhossainborno@gmail.com from 123.200.7.106
2025-03-30 13:23:08-EID[]-SID[72a85938-76e5-43cf-a8c7-ff5226a3700c]-[WARN] TASK[MemberAuth]-Invalid password for member: sabbirhossainborno@gmail.com
2025-03-30 13:23:24-EID[]-SID[c4248650-86f4-4883-8409-25a6f311d046]-[INFO] TASK[LoginInit]-Login attempt for sabbirhossainborno@gmail.com from 123.200.7.106
2025-03-30 13:23:24-EID[]-SID[c4248650-86f4-4883-8409-25a6f311d046]-[INFO] TASK[MemberLogin]-Successful login for member: sabbirhossainborno@gmail.com
2025-03-30 13:23:24-EID[428294-PMA]-SID[c4248650-86f4-4883-8409-25a6f311d046]-[INFO] TASK[LoginSuccess]-Session established for sabbirhossainborno@gmail.com
2025-03-30 13:23:25-EID[428294-PMA]-SID[c4248650-86f4-4883-8409-25a6f311d046]-[INFO] TASK[Auth Check]-User type : Member (Member)
2025-03-30 13:23:26-EID[428294-PMA]-SID[c4248650-86f4-4883-8409-25a6f311d046]-[INFO] TASK[DashboardData]-Fetched data for sabbirhossainborno@gmail.com
2025-03-30 13:30:40-EID[428294-PMA]-SID[c4248650-86f4-4883-8409-25a6f311d046]-[INFO] TASK[Auth Check]-User type : Member (Member)
2025-03-30 13:30:41-EID[428294-PMA]-SID[c4248650-86f4-4883-8409-25a6f311d046]-[INFO] TASK[DashboardData]-Fetched data for sabbirhossainborno@gmail.com
2025-03-30 13:30:41-EID[428294-PMA]-SID[c4248650-86f4-4883-8409-25a6f311d046]-[INFO] TASK[DashboardData]-Fetched data for sabbirhossainborno@gmail.com
2025-03-30 13:30:45-EID[428294-PMA]-SID[c4248650-86f4-4883-8409-25a6f311d046]-[INFO] TASK[LogoutInit]-Logout request received from IP: 123.200.7.106
2025-03-30 13:30:45-EID[428294-PMA]-SID[c4248650-86f4-4883-8409-25a6f311d046]-[INFO] TASK[LogoutProcess]-Processing logout for Member: sabbirhossainborno@gmail.com
2025-03-30 13:30:45-EID[428294-PMA]-SID[c4248650-86f4-4883-8409-25a6f311d046]-[INFO] TASK[MemberLogout]-Updated login status for member: sabbirhossainborno@gmail.com
2025-03-30 13:30:45-EID[428294-PMA]-SID[c4248650-86f4-4883-8409-25a6f311d046]-[INFO] TASK[LogoutSuccess]-Completed logout for Member: sabbirhossainborno@gmail.com
2025-03-30 13:35:01-EID[]-SID[d22fda90-b5f3-4624-88cb-3a51122fd446]-[INFO] TASK[LoginInit]-Login attempt for sabbirhossainborno@gmail.com from 123.200.7.106
2025-03-30 13:35:01-EID[]-SID[d22fda90-b5f3-4624-88cb-3a51122fd446]-[INFO] TASK[MemberLogin]-Successful login for member: sabbirhossainborno@gmail.com
2025-03-30 13:35:01-EID[699797-PMA]-SID[d22fda90-b5f3-4624-88cb-3a51122fd446]-[INFO] TASK[LoginSuccess]-Session established for sabbirhossainborno@gmail.com
2025-03-30 13:35:05-EID[699797-PMA]-SID[d22fda90-b5f3-4624-88cb-3a51122fd446]-[INFO] TASK[Auth Check]-User type : Member (Member)
2025-03-30 13:35:06-EID[699797-PMA]-SID[d22fda90-b5f3-4624-88cb-3a51122fd446]-[INFO] TASK[DashboardData]-Fetched data for sabbirhossainborno@gmail.com
2025-03-30 13:35:06-EID[699797-PMA]-SID[d22fda90-b5f3-4624-88cb-3a51122fd446]-[INFO] TASK[DashboardData]-Fetched data for sabbirhossainborno@gmail.com
2025-03-30 13:37:31-EID[699797-PMA]-SID[d22fda90-b5f3-4624-88cb-3a51122fd446]-[INFO] TASK[Auth Check]-User type : Member (Member)
2025-03-30 13:37:32-EID[699797-PMA]-SID[d22fda90-b5f3-4624-88cb-3a51122fd446]-[INFO] TASK[DashboardData]-Fetched data for sabbirhossainborno@gmail.com
2025-03-30 13:37:32-EID[699797-PMA]-SID[d22fda90-b5f3-4624-88cb-3a51122fd446]-[INFO] TASK[DashboardData]-Fetched data for sabbirhossainborno@gmail.com
2025-03-30 13:45:59-EID[699797-PMA]-SID[d22fda90-b5f3-4624-88cb-3a51122fd446]-[INFO] TASK[Auth Check]-User type : Member (Member)
2025-03-30 13:46:00-EID[699797-PMA]-SID[d22fda90-b5f3-4624-88cb-3a51122fd446]-[INFO] TASK[DashboardData]-Fetched data for sabbirhossainborno@gmail.com
2025-03-30 13:46:01-EID[699797-PMA]-SID[d22fda90-b5f3-4624-88cb-3a51122fd446]-[INFO] TASK[DashboardData]-Fetched data for sabbirhossainborno@gmail.com
2025-03-30 13:49:51-EID[699797-PMA]-SID[d22fda90-b5f3-4624-88cb-3a51122fd446]-[INFO] TASK[Auth Check]-User type : Member (Member)
2025-03-30 13:49:53-EID[699797-PMA]-SID[d22fda90-b5f3-4624-88cb-3a51122fd446]-[INFO] TASK[DashboardData]-Fetched data for sabbirhossainborno@gmail.com
2025-03-30 13:49:53-EID[699797-PMA]-SID[d22fda90-b5f3-4624-88cb-3a51122fd446]-[INFO] TASK[DashboardData]-Fetched data for sabbirhossainborno@gmail.com
2025-03-30 13:54:47-EID[699797-PMA]-SID[d22fda90-b5f3-4624-88cb-3a51122fd446]-[INFO] TASK[Auth Check]-User type : Member (Member)
2025-03-30 13:54:47-EID[699797-PMA]-SID[d22fda90-b5f3-4624-88cb-3a51122fd446]-[INFO] TASK[Auth Check]-User type : Member (Member)
2025-03-30 13:54:47-EID[699797-PMA]-SID[d22fda90-b5f3-4624-88cb-3a51122fd446]-[INFO] TASK[DashboardData]-Fetched data for sabbirhossainborno@gmail.com
2025-03-30 13:54:48-EID[699797-PMA]-SID[d22fda90-b5f3-4624-88cb-3a51122fd446]-[INFO] TASK[DashboardData]-Fetched data for sabbirhossainborno@gmail.com
2025-03-30 13:54:48-EID[699797-PMA]-SID[d22fda90-b5f3-4624-88cb-3a51122fd446]-[INFO] TASK[Auth Check]-User type : Member (Member)
2025-03-30 13:55:28-EID[699797-PMA]-SID[d22fda90-b5f3-4624-88cb-3a51122fd446]-[INFO] TASK[Auth Check]-User type : Member (Member)
2025-03-30 13:55:30-EID[699797-PMA]-SID[d22fda90-b5f3-4624-88cb-3a51122fd446]-[INFO] TASK[Auth Check]-User type : Member (Member)
2025-03-30 13:55:31-EID[699797-PMA]-SID[d22fda90-b5f3-4624-88cb-3a51122fd446]-[INFO] TASK[DashboardData]-Fetched data for sabbirhossainborno@gmail.com
2025-03-30 13:55:31-EID[699797-PMA]-SID[d22fda90-b5f3-4624-88cb-3a51122fd446]-[INFO] TASK[DashboardData]-Fetched data for sabbirhossainborno@gmail.com
2025-03-30 13:57:51-EID[699797-PMA]-SID[d22fda90-b5f3-4624-88cb-3a51122fd446]-[INFO] TASK[Auth Check]-User type : Member (Member)
2025-03-30 13:58:38-EID[699797-PMA]-SID[d22fda90-b5f3-4624-88cb-3a51122fd446]-[INFO] TASK[Auth Check]-User type : Member (Member)
2025-03-30 13:58:39-EID[699797-PMA]-SID[d22fda90-b5f3-4624-88cb-3a51122fd446]-[INFO] TASK[DashboardData]-Fetched data for sabbirhossainborno@gmail.com
2025-03-30 13:58:40-EID[699797-PMA]-SID[d22fda90-b5f3-4624-88cb-3a51122fd446]-[INFO] TASK[DashboardData]-Fetched data for sabbirhossainborno@gmail.com
2025-03-30 14:00:40-EID[699797-PMA]-SID[d22fda90-b5f3-4624-88cb-3a51122fd446]-[INFO] TASK[Auth Check]-User type : Member (Member)
2025-03-30 14:00:40-EID[699797-PMA]-SID[d22fda90-b5f3-4624-88cb-3a51122fd446]-[INFO] TASK[DashboardData]-Fetched data for sabbirhossainborno@gmail.com
2025-03-30 14:00:41-EID[699797-PMA]-SID[d22fda90-b5f3-4624-88cb-3a51122fd446]-[INFO] TASK[DashboardData]-Fetched data for sabbirhossainborno@gmail.com
2025-03-30 14:01:27-EID[699797-PMA]-SID[d22fda90-b5f3-4624-88cb-3a51122fd446]-[INFO] TASK[Auth Check]-User type : Member (Member)
2025-03-30 14:01:27-EID[699797-PMA]-SID[d22fda90-b5f3-4624-88cb-3a51122fd446]-[INFO] TASK[DashboardData]-Fetched data for sabbirhossainborno@gmail.com
2025-03-30 14:01:27-EID[699797-PMA]-SID[d22fda90-b5f3-4624-88cb-3a51122fd446]-[INFO] TASK[DashboardData]-Fetched data for sabbirhossainborno@gmail.com
2025-03-30 14:02:58-EID[699797-PMA]-SID[d22fda90-b5f3-4624-88cb-3a51122fd446]-[INFO] TASK[Auth Check]-User type : Member (Member)
2025-03-30 14:02:58-EID[699797-PMA]-SID[d22fda90-b5f3-4624-88cb-3a51122fd446]-[INFO] TASK[DashboardData]-Fetched data for sabbirhossainborno@gmail.com
2025-03-30 14:02:59-EID[699797-PMA]-SID[d22fda90-b5f3-4624-88cb-3a51122fd446]-[INFO] TASK[DashboardData]-Fetched data for sabbirhossainborno@gmail.com
2025-03-30 14:03:53-EID[699797-PMA]-SID[d22fda90-b5f3-4624-88cb-3a51122fd446]-[INFO] TASK[Auth Check]-User type : Member (Member)
2025-03-30 14:03:54-EID[699797-PMA]-SID[d22fda90-b5f3-4624-88cb-3a51122fd446]-[INFO] TASK[Auth Check]-User type : Member (Member)
2025-03-30 14:04:44-EID[699797-PMA]-SID[d22fda90-b5f3-4624-88cb-3a51122fd446]-[INFO] TASK[Auth Check]-User type : Member (Member)
2025-03-30 14:04:45-EID[699797-PMA]-SID[d22fda90-b5f3-4624-88cb-3a51122fd446]-[INFO] TASK[DashboardData]-Fetched data for sabbirhossainborno@gmail.com
2025-03-30 14:04:45-EID[699797-PMA]-SID[d22fda90-b5f3-4624-88cb-3a51122fd446]-[INFO] TASK[DashboardData]-Fetched data for sabbirhossainborno@gmail.com
2025-03-30 14:05:30-EID[699797-PMA]-SID[d22fda90-b5f3-4624-88cb-3a51122fd446]-[INFO] TASK[Auth Check]-User type : Member (Member)
2025-03-30 14:05:31-EID[699797-PMA]-SID[d22fda90-b5f3-4624-88cb-3a51122fd446]-[INFO] TASK[Auth Check]-User type : Member (Member)
2025-03-30 14:06:57-EID[699797-PMA]-SID[d22fda90-b5f3-4624-88cb-3a51122fd446]-[INFO] TASK[Auth Check]-User type : Member (Member)
2025-03-30 14:06:58-EID[699797-PMA]-SID[d22fda90-b5f3-4624-88cb-3a51122fd446]-[INFO] TASK[DashboardData]-Fetched data for sabbirhossainborno@gmail.com
2025-03-30 14:06:58-EID[699797-PMA]-SID[d22fda90-b5f3-4624-88cb-3a51122fd446]-[INFO] TASK[DashboardData]-Fetched data for sabbirhossainborno@gmail.com
2025-03-30 14:08:04-EID[699797-PMA]-SID[d22fda90-b5f3-4624-88cb-3a51122fd446]-[INFO] TASK[Auth Check]-User type : Member (Member)
2025-03-30 14:08:05-EID[699797-PMA]-SID[d22fda90-b5f3-4624-88cb-3a51122fd446]-[INFO] TASK[DashboardData]-Fetched data for sabbirhossainborno@gmail.com
2025-03-30 14:08:05-EID[699797-PMA]-SID[d22fda90-b5f3-4624-88cb-3a51122fd446]-[INFO] TASK[DashboardData]-Fetched data for sabbirhossainborno@gmail.com
2025-03-30 14:08:08-EID[699797-PMA]-SID[d22fda90-b5f3-4624-88cb-3a51122fd446]-[INFO] TASK[Auth Check]-User type : Member (Member)
2025-03-30 14:08:08-EID[699797-PMA]-SID[d22fda90-b5f3-4624-88cb-3a51122fd446]-[INFO] TASK[Auth Check]-User type : Member (Member)
2025-03-30 14:08:14-EID[699797-PMA]-SID[d22fda90-b5f3-4624-88cb-3a51122fd446]-[INFO] TASK[Auth Check]-User type : Member (Member)
2025-03-30 14:08:15-EID[699797-PMA]-SID[d22fda90-b5f3-4624-88cb-3a51122fd446]-[INFO] TASK[Auth Check]-User type : Member (Member)
2025-03-30 14:08:50-EID[699797-PMA]-SID[d22fda90-b5f3-4624-88cb-3a51122fd446]-[INFO] TASK[Auth Check]-User type : Member (Member)
2025-03-30 14:08:50-EID[699797-PMA]-SID[d22fda90-b5f3-4624-88cb-3a51122fd446]-[INFO] TASK[DashboardData]-Fetched data for sabbirhossainborno@gmail.com
2025-03-30 14:08:50-EID[699797-PMA]-SID[d22fda90-b5f3-4624-88cb-3a51122fd446]-[INFO] TASK[DashboardData]-Fetched data for sabbirhossainborno@gmail.com
2025-03-30 14:09:32-EID[699797-PMA]-SID[d22fda90-b5f3-4624-88cb-3a51122fd446]-[INFO] TASK[Auth Check]-User type : Member (Member)
2025-03-30 14:09:33-EID[699797-PMA]-SID[d22fda90-b5f3-4624-88cb-3a51122fd446]-[INFO] TASK[DashboardData]-Fetched data for sabbirhossainborno@gmail.com
2025-03-30 14:09:33-EID[699797-PMA]-SID[d22fda90-b5f3-4624-88cb-3a51122fd446]-[INFO] TASK[DashboardData]-Fetched data for sabbirhossainborno@gmail.com
2025-03-30 14:10:15-EID[699797-PMA]-SID[d22fda90-b5f3-4624-88cb-3a51122fd446]-[INFO] TASK[Auth Check]-User type : Member (Member)
2025-03-30 14:10:15-EID[699797-PMA]-SID[d22fda90-b5f3-4624-88cb-3a51122fd446]-[INFO] TASK[DashboardData]-Fetched data for sabbirhossainborno@gmail.com
2025-03-30 14:10:15-EID[699797-PMA]-SID[d22fda90-b5f3-4624-88cb-3a51122fd446]-[INFO] TASK[DashboardData]-Fetched data for sabbirhossainborno@gmail.com
2025-03-30 14:10:38-EID[699797-PMA]-SID[d22fda90-b5f3-4624-88cb-3a51122fd446]-[INFO] TASK[Auth Check]-User type : Member (Member)
2025-03-30 14:10:38-EID[699797-PMA]-SID[d22fda90-b5f3-4624-88cb-3a51122fd446]-[INFO] TASK[Auth Check]-User type : Member (Member)
2025-03-30 14:10:41-EID[699797-PMA]-SID[d22fda90-b5f3-4624-88cb-3a51122fd446]-[INFO] TASK[Auth Check]-User type : Member (Member)
2025-03-30 14:10:41-EID[699797-PMA]-SID[d22fda90-b5f3-4624-88cb-3a51122fd446]-[INFO] TASK[DashboardData]-Fetched data for sabbirhossainborno@gmail.com
2025-03-30 14:10:41-EID[699797-PMA]-SID[d22fda90-b5f3-4624-88cb-3a51122fd446]-[INFO] TASK[DashboardData]-Fetched data for sabbirhossainborno@gmail.com
2025-03-30 14:11:23-EID[699797-PMA]-SID[d22fda90-b5f3-4624-88cb-3a51122fd446]-[INFO] TASK[Auth Check]-User type : Member (Member)
2025-03-30 14:11:23-EID[699797-PMA]-SID[d22fda90-b5f3-4624-88cb-3a51122fd446]-[INFO] TASK[DashboardData]-Fetched data for sabbirhossainborno@gmail.com
2025-03-30 14:11:23-EID[699797-PMA]-SID[d22fda90-b5f3-4624-88cb-3a51122fd446]-[INFO] TASK[DashboardData]-Fetched data for sabbirhossainborno@gmail.com
2025-03-30 14:12:45-EID[699797-PMA]-SID[d22fda90-b5f3-4624-88cb-3a51122fd446]-[INFO] TASK[Auth Check]-User type : Member (Member)
2025-03-30 14:12:45-EID[699797-PMA]-SID[d22fda90-b5f3-4624-88cb-3a51122fd446]-[INFO] TASK[DashboardData]-Fetched data for sabbirhossainborno@gmail.com
2025-03-30 14:12:45-EID[699797-PMA]-SID[d22fda90-b5f3-4624-88cb-3a51122fd446]-[INFO] TASK[DashboardData]-Fetched data for sabbirhossainborno@gmail.com
2025-03-30 15:55:41-EID[]-SID[f95fd668-c80d-44ed-92dd-edcc21ffa8c3]-[INFO] TASK[LoginInit]-Login attempt for sabbirhossainborno@gmail.com from 123.200.7.106
2025-03-30 15:55:41-EID[]-SID[f95fd668-c80d-44ed-92dd-edcc21ffa8c3]-[INFO] TASK[MemberLogin]-Successful login for member: sabbirhossainborno@gmail.com
2025-03-30 15:55:41-EID[686790-PMA]-SID[f95fd668-c80d-44ed-92dd-edcc21ffa8c3]-[INFO] TASK[LoginSuccess]-Session established for sabbirhossainborno@gmail.com
2025-03-30 15:55:53-EID[686790-PMA]-SID[f95fd668-c80d-44ed-92dd-edcc21ffa8c3]-[INFO] TASK[Auth Check]-User type : Member (Member)
2025-03-30 15:55:54-EID[686790-PMA]-SID[f95fd668-c80d-44ed-92dd-edcc21ffa8c3]-[INFO] TASK[DashboardData]-Fetched data for sabbirhossainborno@gmail.com
2025-03-30 15:55:54-EID[686790-PMA]-SID[f95fd668-c80d-44ed-92dd-edcc21ffa8c3]-[INFO] TASK[DashboardData]-Fetched data for sabbirhossainborno@gmail.com
2025-03-30 15:57:27-EID[686790-PMA]-SID[f95fd668-c80d-44ed-92dd-edcc21ffa8c3]-[INFO] TASK[Auth Check]-User type : Member (Member)
2025-03-30 15:57:30-EID[686790-PMA]-SID[f95fd668-c80d-44ed-92dd-edcc21ffa8c3]-[INFO] TASK[DashboardData]-Fetched data for sabbirhossainborno@gmail.com
2025-03-30 15:57:30-EID[686790-PMA]-SID[f95fd668-c80d-44ed-92dd-edcc21ffa8c3]-[INFO] TASK[DashboardData]-Fetched data for sabbirhossainborno@gmail.com
2025-03-30 16:13:10-EID[686790-PMA]-SID[f95fd668-c80d-44ed-92dd-edcc21ffa8c3]-[INFO] TASK[Auth Check]-User type : Member (Member)
2025-03-30 16:13:12-EID[686790-PMA]-SID[f95fd668-c80d-44ed-92dd-edcc21ffa8c3]-[INFO] TASK[DashboardData]-Fetched data for sabbirhossainborno@gmail.com
2025-03-30 16:13:13-EID[686790-PMA]-SID[f95fd668-c80d-44ed-92dd-edcc21ffa8c3]-[INFO] TASK[DashboardData]-Fetched data for sabbirhossainborno@gmail.com
2025-03-30 16:13:13-EID[686790-PMA]-SID[f95fd668-c80d-44ed-92dd-edcc21ffa8c3]-[INFO] TASK[Auth Check]-User type : Member (Member)
2025-03-30 16:13:14-EID[686790-PMA]-SID[f95fd668-c80d-44ed-92dd-edcc21ffa8c3]-[INFO] TASK[Auth Check]-User type : Member (Member)
2025-03-30 16:13:47-EID[686790-PMA]-SID[f95fd668-c80d-44ed-92dd-edcc21ffa8c3]-[INFO] TASK[Auth Check]-User type : Member (Member)
2025-03-30 16:13:48-EID[686790-PMA]-SID[f95fd668-c80d-44ed-92dd-edcc21ffa8c3]-[INFO] TASK[DashboardData]-Fetched data for sabbirhossainborno@gmail.com
2025-03-30 16:13:48-EID[686790-PMA]-SID[f95fd668-c80d-44ed-92dd-edcc21ffa8c3]-[INFO] TASK[DashboardData]-Fetched data for sabbirhossainborno@gmail.com
2025-03-30 16:20:14-EID[686790-PMA]-SID[f95fd668-c80d-44ed-92dd-edcc21ffa8c3]-[INFO] TASK[Auth Check]-Last activity: 2025-03-30T10:09:04.989Z
2025-03-30 16:20:18-EID[686790-PMA]-SID[]-[WARN] TASK[DashboardAuth]-Missing authentication cookies
2025-03-30 16:20:18-EID[686790-PMA]-SID[]-[WARN] TASK[DashboardAuth]-Missing authentication cookies
2025-03-30 16:20:38-EID[]-SID[237de90b-e436-417f-b515-1f00070b4d1d]-[INFO] TASK[LoginInit]-Login attempt for sabbirhossainborno@gmail.com from 123.200.7.106
2025-03-30 16:20:38-EID[]-SID[237de90b-e436-417f-b515-1f00070b4d1d]-[INFO] TASK[MemberLogin]-Successful login for member: sabbirhossainborno@gmail.com
2025-03-30 16:20:39-EID[603407-PMA]-SID[237de90b-e436-417f-b515-1f00070b4d1d]-[INFO] TASK[LoginSuccess]-Session established for sabbirhossainborno@gmail.com
2025-03-30 16:20:39-EID[603407-PMA]-SID[237de90b-e436-417f-b515-1f00070b4d1d]-[INFO] TASK[Auth Check]-User type : Member (Member)
2025-03-30 16:20:40-EID[603407-PMA]-SID[237de90b-e436-417f-b515-1f00070b4d1d]-[INFO] TASK[DashboardData]-Fetched data for sabbirhossainborno@gmail.com
2025-03-30 16:20:40-EID[603407-PMA]-SID[237de90b-e436-417f-b515-1f00070b4d1d]-[INFO] TASK[DashboardData]-Fetched data for sabbirhossainborno@gmail.com
2025-03-30 16:21:38-EID[603407-PMA]-SID[237de90b-e436-417f-b515-1f00070b4d1d]-[INFO] TASK[Auth Check]-User type : Member (Member)
2025-03-30 16:21:39-EID[603407-PMA]-SID[237de90b-e436-417f-b515-1f00070b4d1d]-[INFO] TASK[DashboardData]-Fetched data for sabbirhossainborno@gmail.com
2025-03-30 16:21:39-EID[603407-PMA]-SID[237de90b-e436-417f-b515-1f00070b4d1d]-[INFO] TASK[DashboardData]-Fetched data for sabbirhossainborno@gmail.com
2025-03-30 16:24:04-EID[603407-PMA]-SID[237de90b-e436-417f-b515-1f00070b4d1d]-[INFO] TASK[Auth Check]-User type : Member (Member)
2025-03-30 16:24:06-EID[603407-PMA]-SID[237de90b-e436-417f-b515-1f00070b4d1d]-[INFO] TASK[DashboardData]-Fetched data for sabbirhossainborno@gmail.com
2025-03-30 16:24:06-EID[603407-PMA]-SID[237de90b-e436-417f-b515-1f00070b4d1d]-[INFO] TASK[DashboardData]-Fetched data for sabbirhossainborno@gmail.com
2025-03-30 16:24:10-EID[603407-PMA]-SID[237de90b-e436-417f-b515-1f00070b4d1d]-[INFO] TASK[Auth Check]-User type : Member (Member)
2025-03-30 16:24:10-EID[603407-PMA]-SID[237de90b-e436-417f-b515-1f00070b4d1d]-[INFO] TASK[DashboardData]-Fetched data for sabbirhossainborno@gmail.com
2025-03-30 16:24:10-EID[603407-PMA]-SID[237de90b-e436-417f-b515-1f00070b4d1d]-[INFO] TASK[DashboardData]-Fetched data for sabbirhossainborno@gmail.com
2025-03-30 16:28:50-EID[603407-PMA]-SID[237de90b-e436-417f-b515-1f00070b4d1d]-[INFO] TASK[Auth Check]-User type : Member (Member)
2025-03-30 16:28:51-EID[603407-PMA]-SID[237de90b-e436-417f-b515-1f00070b4d1d]-[INFO] TASK[Auth Check]-User type : Member (Member)
2025-03-30 16:28:54-EID[603407-PMA]-SID[237de90b-e436-417f-b515-1f00070b4d1d]-[INFO] TASK[Auth Check]-User type : Member (Member)
2025-03-30 16:28:55-EID[603407-PMA]-SID[237de90b-e436-417f-b515-1f00070b4d1d]-[INFO] TASK[DashboardData]-Fetched data for sabbirhossainborno@gmail.com
2025-03-30 16:28:55-EID[603407-PMA]-SID[237de90b-e436-417f-b515-1f00070b4d1d]-[INFO] TASK[DashboardData]-Fetched data for sabbirhossainborno@gmail.com
2025-03-30 16:30:53-EID[603407-PMA]-SID[237de90b-e436-417f-b515-1f00070b4d1d]-[INFO] TASK[Auth Check]-User type : Member (Member)
2025-03-30 16:30:56-EID[603407-PMA]-SID[237de90b-e436-417f-b515-1f00070b4d1d]-[INFO] TASK[DashboardData]-Fetched data for sabbirhossainborno@gmail.com
2025-03-30 16:30:57-EID[603407-PMA]-SID[237de90b-e436-417f-b515-1f00070b4d1d]-[INFO] TASK[DashboardData]-Fetched data for sabbirhossainborno@gmail.com
2025-03-30 16:31:42-EID[603407-PMA]-SID[237de90b-e436-417f-b515-1f00070b4d1d]-[INFO] TASK[Auth Check]-User type : Member (Member)
2025-03-30 16:31:43-EID[603407-PMA]-SID[237de90b-e436-417f-b515-1f00070b4d1d]-[INFO] TASK[DashboardData]-Fetched data for sabbirhossainborno@gmail.com
2025-03-30 16:31:43-EID[603407-PMA]-SID[237de90b-e436-417f-b515-1f00070b4d1d]-[INFO] TASK[DashboardData]-Fetched data for sabbirhossainborno@gmail.com
2025-03-30 16:50:12-EID[]-SID[eb883fd7-5de8-422f-b6da-2d03fc4e9438]-[INFO] TASK[LoginInit]-Login attempt for sabbirhossainborno@gmail.com from 123.200.7.106
2025-03-30 16:50:12-EID[]-SID[eb883fd7-5de8-422f-b6da-2d03fc4e9438]-[INFO] TASK[MemberLogin]-Successful login for member: sabbirhossainborno@gmail.com
2025-03-30 16:50:12-EID[761858-PMA]-SID[eb883fd7-5de8-422f-b6da-2d03fc4e9438]-[INFO] TASK[LoginSuccess]-Session established for sabbirhossainborno@gmail.com
2025-03-30 16:50:16-EID[761858-PMA]-SID[eb883fd7-5de8-422f-b6da-2d03fc4e9438]-[INFO] TASK[Auth Check]-User type : Member (Member)
2025-03-30 16:50:17-EID[761858-PMA]-SID[eb883fd7-5de8-422f-b6da-2d03fc4e9438]-[INFO] TASK[DashboardData]-Fetched data for sabbirhossainborno@gmail.com
2025-03-30 16:50:17-EID[761858-PMA]-SID[eb883fd7-5de8-422f-b6da-2d03fc4e9438]-[INFO] TASK[DashboardData]-Fetched data for sabbirhossainborno@gmail.com
2025-03-30 16:50:59-EID[]-SID[530875f1-5e32-4299-b420-2eb39688a73b]-[INFO] TASK[LoginInit]-Login attempt for sabbirhossainborno@gmail.com from 123.200.7.106
2025-03-30 16:50:59-EID[]-SID[530875f1-5e32-4299-b420-2eb39688a73b]-[INFO] TASK[MemberLogin]-Successful login for member: sabbirhossainborno@gmail.com
2025-03-30 16:51:00-EID[398767-PMA]-SID[530875f1-5e32-4299-b420-2eb39688a73b]-[INFO] TASK[LoginSuccess]-Session established for sabbirhossainborno@gmail.com
2025-03-30 16:51:01-EID[398767-PMA]-SID[530875f1-5e32-4299-b420-2eb39688a73b]-[INFO] TASK[Auth Check]-User type : Member (Member)
2025-03-30 16:51:01-EID[398767-PMA]-SID[530875f1-5e32-4299-b420-2eb39688a73b]-[INFO] TASK[DashboardData]-Fetched data for sabbirhossainborno@gmail.com
2025-03-30 16:51:02-EID[398767-PMA]-SID[530875f1-5e32-4299-b420-2eb39688a73b]-[INFO] TASK[DashboardData]-Fetched data for sabbirhossainborno@gmail.com
2025-03-30 16:51:12-EID[398767-PMA]-SID[530875f1-5e32-4299-b420-2eb39688a73b]-[INFO] TASK[Auth Check]-User type : Member (Member)
2025-03-30 16:51:12-EID[398767-PMA]-SID[530875f1-5e32-4299-b420-2eb39688a73b]-[INFO] TASK[DashboardData]-Fetched data for sabbirhossainborno@gmail.com
2025-03-30 16:51:13-EID[398767-PMA]-SID[530875f1-5e32-4299-b420-2eb39688a73b]-[INFO] TASK[DashboardData]-Fetched data for sabbirhossainborno@gmail.com
2025-03-30 16:51:20-EID[398767-PMA]-SID[530875f1-5e32-4299-b420-2eb39688a73b]-[INFO] TASK[Auth Check]-User type : Member (Member)
2025-03-30 16:51:21-EID[398767-PMA]-SID[530875f1-5e32-4299-b420-2eb39688a73b]-[INFO] TASK[DashboardData]-Fetched data for sabbirhossainborno@gmail.com
2025-03-30 16:51:21-EID[398767-PMA]-SID[530875f1-5e32-4299-b420-2eb39688a73b]-[INFO] TASK[DashboardData]-Fetched data for sabbirhossainborno@gmail.com
2025-03-30 16:52:52-EID[]-SID[ef8732d2-dc9e-4067-8121-d328769af560]-[INFO] TASK[LoginInit]-Login attempt for sabbirhossainborno@gmail.com from 123.200.7.106
2025-03-30 16:52:52-EID[]-SID[ef8732d2-dc9e-4067-8121-d328769af560]-[INFO] TASK[MemberLogin]-Successful login for member: sabbirhossainborno@gmail.com
2025-03-30 16:52:52-EID[582444-PMA]-SID[ef8732d2-dc9e-4067-8121-d328769af560]-[INFO] TASK[LoginSuccess]-Session established for sabbirhossainborno@gmail.com
2025-03-30 16:53:03-EID[582444-PMA]-SID[ef8732d2-dc9e-4067-8121-d328769af560]-[INFO] TASK[Auth Check]-User type : Member (Member)
2025-03-30 16:53:04-EID[582444-PMA]-SID[ef8732d2-dc9e-4067-8121-d328769af560]-[INFO] TASK[DashboardData]-Fetched data for sabbirhossainborno@gmail.com
2025-03-30 16:53:05-EID[582444-PMA]-SID[ef8732d2-dc9e-4067-8121-d328769af560]-[INFO] TASK[DashboardData]-Fetched data for sabbirhossainborno@gmail.com
2025-03-30 16:57:48-EID[582444-PMA]-SID[ef8732d2-dc9e-4067-8121-d328769af560]-[INFO] TASK[Auth Check]-User type : Member (Member)
2025-03-30 16:57:49-EID[582444-PMA]-SID[ef8732d2-dc9e-4067-8121-d328769af560]-[INFO] TASK[DashboardData]-Fetched data for sabbirhossainborno@gmail.com
2025-03-30 16:57:49-EID[582444-PMA]-SID[ef8732d2-dc9e-4067-8121-d328769af560]-[INFO] TASK[DashboardData]-Fetched data for sabbirhossainborno@gmail.com
2025-03-30 17:02:02-EID[582444-PMA]-SID[ef8732d2-dc9e-4067-8121-d328769af560]-[INFO] TASK[Auth Check]-User type : Member (Member)
2025-03-30 17:02:04-EID[582444-PMA]-SID[ef8732d2-dc9e-4067-8121-d328769af560]-[INFO] TASK[DashboardData]-Fetched data for sabbirhossainborno@gmail.com
2025-03-30 17:02:04-EID[582444-PMA]-SID[ef8732d2-dc9e-4067-8121-d328769af560]-[INFO] TASK[DashboardData]-Fetched data for sabbirhossainborno@gmail.com
2025-03-30 17:11:47-EID[]-SID[7f95dc27-5903-4a9a-a089-af0a08bbbfb4]-[INFO] TASK[LoginInit]-Login attempt for sabbirhossainborno@gmail.com from 123.200.7.106
2025-03-30 17:11:47-EID[]-SID[7f95dc27-5903-4a9a-a089-af0a08bbbfb4]-[INFO] TASK[MemberLogin]-Successful login for member: sabbirhossainborno@gmail.com
2025-03-30 17:11:48-EID[625493-PMA]-SID[7f95dc27-5903-4a9a-a089-af0a08bbbfb4]-[INFO] TASK[LoginSuccess]-Session established for sabbirhossainborno@gmail.com
2025-03-30 17:11:50-EID[625493-PMA]-SID[7f95dc27-5903-4a9a-a089-af0a08bbbfb4]-[INFO] TASK[Auth Check]-User type : Member (Member)
2025-03-30 17:11:52-EID[625493-PMA]-SID[7f95dc27-5903-4a9a-a089-af0a08bbbfb4]-[INFO] TASK[DashboardData]-Fetched data for sabbirhossainborno@gmail.com
2025-03-30 17:11:52-EID[625493-PMA]-SID[7f95dc27-5903-4a9a-a089-af0a08bbbfb4]-[INFO] TASK[DashboardData]-Fetched data for sabbirhossainborno@gmail.com
2025-03-30 18:00:06-EID[625493-PMA]-SID[7f95dc27-5903-4a9a-a089-af0a08bbbfb4]-[INFO] TASK[Auth Check]-Last activity: 2025-03-30T11:12:06.017Z
2025-03-30 18:00:07-EID[625493-PMA]-SID[]-[WARN] TASK[DashboardAuth]-Missing authentication cookies
2025-03-30 18:00:07-EID[625493-PMA]-SID[]-[WARN] TASK[DashboardAuth]-Missing authentication cookies
2025-03-30 18:00:30-EID[]-SID[dce7d24e-edcb-4be3-84b8-e6a6d56d37b4]-[INFO] TASK[LoginInit]-Login attempt for sabbirhossainborno@gmail.com from 123.200.7.106
2025-03-30 18:00:30-EID[]-SID[dce7d24e-edcb-4be3-84b8-e6a6d56d37b4]-[INFO] TASK[MemberLogin]-Successful login for member: sabbirhossainborno@gmail.com
2025-03-30 18:00:31-EID[502057-PMA]-SID[dce7d24e-edcb-4be3-84b8-e6a6d56d37b4]-[INFO] TASK[LoginSuccess]-Session established for sabbirhossainborno@gmail.com
2025-03-30 18:00:32-EID[502057-PMA]-SID[dce7d24e-edcb-4be3-84b8-e6a6d56d37b4]-[INFO] TASK[Auth Check]-User type : Member (Member)
2025-03-30 18:00:32-EID[502057-PMA]-SID[dce7d24e-edcb-4be3-84b8-e6a6d56d37b4]-[INFO] TASK[DashboardData]-Fetched data for sabbirhossainborno@gmail.com
2025-03-30 18:00:32-EID[502057-PMA]-SID[dce7d24e-edcb-4be3-84b8-e6a6d56d37b4]-[INFO] TASK[DashboardData]-Fetched data for sabbirhossainborno@gmail.com
2025-03-30 18:00:46-EID[502057-PMA]-SID[dce7d24e-edcb-4be3-84b8-e6a6d56d37b4]-[INFO] TASK[Auth Check]-User type : Member (Member)
2025-03-30 18:01:25-EID[]-SID[82022edf-4936-4cd8-9faf-3245b98ccba1]-[INFO] TASK[LoginInit]-Login attempt for sabbirhossainborno@gmail.com from 123.200.7.106
2025-03-30 18:01:25-EID[]-SID[82022edf-4936-4cd8-9faf-3245b98ccba1]-[INFO] TASK[MemberLogin]-Successful login for member: sabbirhossainborno@gmail.com
2025-03-30 18:01:26-EID[723609-PMA]-SID[82022edf-4936-4cd8-9faf-3245b98ccba1]-[INFO] TASK[LoginSuccess]-Session established for sabbirhossainborno@gmail.com
2025-03-30 18:01:34-EID[723609-PMA]-SID[82022edf-4936-4cd8-9faf-3245b98ccba1]-[INFO] TASK[Auth Check]-User type : Member (Member)
2025-03-30 18:01:35-EID[723609-PMA]-SID[82022edf-4936-4cd8-9faf-3245b98ccba1]-[INFO] TASK[DashboardData]-Fetched data for sabbirhossainborno@gmail.com
2025-03-30 18:01:36-EID[723609-PMA]-SID[82022edf-4936-4cd8-9faf-3245b98ccba1]-[INFO] TASK[DashboardData]-Fetched data for sabbirhossainborno@gmail.com
2025-03-30 18:02:19-EID[723609-PMA]-SID[82022edf-4936-4cd8-9faf-3245b98ccba1]-[INFO] TASK[Auth Check]-User type : Member (Member)
2025-03-30 18:02:19-EID[723609-PMA]-SID[82022edf-4936-4cd8-9faf-3245b98ccba1]-[INFO] TASK[DashboardData]-Fetched data for sabbirhossainborno@gmail.com
2025-03-30 18:02:20-EID[723609-PMA]-SID[82022edf-4936-4cd8-9faf-3245b98ccba1]-[INFO] TASK[DashboardData]-Fetched data for sabbirhossainborno@gmail.com
2025-03-30 18:02:35-EID[723609-PMA]-SID[82022edf-4936-4cd8-9faf-3245b98ccba1]-[INFO] TASK[LogoutInit]-Logout request received from IP: 123.200.7.106
2025-03-30 18:02:35-EID[723609-PMA]-SID[82022edf-4936-4cd8-9faf-3245b98ccba1]-[INFO] TASK[LogoutProcess]-Processing logout for Member: sabbirhossainborno@gmail.com
2025-03-30 18:02:35-EID[723609-PMA]-SID[82022edf-4936-4cd8-9faf-3245b98ccba1]-[INFO] TASK[MemberLogout]-Updated login status for member: sabbirhossainborno@gmail.com
2025-03-30 18:02:35-EID[723609-PMA]-SID[82022edf-4936-4cd8-9faf-3245b98ccba1]-[INFO] TASK[LogoutSuccess]-Completed logout for Member: sabbirhossainborno@gmail.com
