2025-05-02 00:54:59-EID[]-SID[f3456bdb-e0db-4a51-b319-854bb7c2697a]-[INFO] TASK[LoginInit]-Login attempt for mahariazabinorchi@gmail.com from 103.180.244.251
2025-05-02 00:54:59-EID[]-SID[f3456bdb-e0db-4a51-b319-854bb7c2697a]-[INFO] TASK[MemberLogin]-Successful login for member: mahariazabinorchi@gmail.com
2025-05-02 00:55:00-EID[172762-PMA]-SID[f3456bdb-e0db-4a51-b319-854bb7c2697a]-[INFO] TASK[LoginSuccess]-Session established for mahariazabinorchi@gmail.com
2025-05-02 00:57:58-EID[]-SID[71233748-221c-4369-b29e-5c3ccc39a8f8]-[INFO] TASK[LoginInit]-Login attempt for mahariazabinorchi@gmail.com from 103.180.244.251
2025-05-02 00:57:58-EID[]-SID[71233748-221c-4369-b29e-5c3ccc39a8f8]-[INFO] TASK[MemberLogin]-Successful login for member: mahariazabinorchi@gmail.com
2025-05-02 00:57:59-EID[559567-PMA]-SID[71233748-221c-4369-b29e-5c3ccc39a8f8]-[INFO] TASK[LoginSuccess]-Session established for mahariazabinorchi@gmail.com
2025-05-02 00:59:49-EID[]-SID[243e3c19-2d72-499b-9348-264a3e0e65e0]-[INFO] TASK[LoginInit]-Login attempt for mahariazabinorchi@gmail.com from 103.180.244.251
2025-05-02 00:59:50-EID[]-SID[243e3c19-2d72-499b-9348-264a3e0e65e0]-[INFO] TASK[MemberLogin]-Successful login for member: mahariazabinorchi@gmail.com
2025-05-02 00:59:50-EID[432903-PMA]-SID[243e3c19-2d72-499b-9348-264a3e0e65e0]-[INFO] TASK[LoginSuccess]-Session established for mahariazabinorchi@gmail.com
2025-05-02 01:01:12-EID[432903-PMA]-SID[243e3c19-2d72-499b-9348-264a3e0e65e0]-[INFO] TASK[Auth Check]-User type : Member (Member)
2025-05-02 01:01:13-EID[432903-PMA]-SID[243e3c19-2d72-499b-9348-264a3e0e65e0]-[INFO] TASK[DashboardData]-Fetched data for mahariazabinorchi@gmail.com
2025-05-02 01:01:13-EID[432903-PMA]-SID[243e3c19-2d72-499b-9348-264a3e0e65e0]-[INFO] TASK[DashboardData]-Fetched data for mahariazabinorchi@gmail.com
2025-05-02 01:02:35-EID[432903-PMA]-SID[243e3c19-2d72-499b-9348-264a3e0e65e0]-[INFO] TASK[Booking]-New booking slots request received
2025-05-02 01:02:52-EID[432903-PMA]-SID[243e3c19-2d72-499b-9348-264a3e0e65e0]-[INFO] TASK[Booking]-New booking slots request received
2025-05-02 01:02:56-EID[432903-PMA]-SID[243e3c19-2d72-499b-9348-264a3e0e65e0]-[INFO] TASK[Booking]-New booking slots request received
2025-05-02 01:02:59-EID[432903-PMA]-SID[243e3c19-2d72-499b-9348-264a3e0e65e0]-[INFO] TASK[Booking]-New booking slots request received
2025-05-02 01:03:02-EID[432903-PMA]-SID[243e3c19-2d72-499b-9348-264a3e0e65e0]-[INFO] TASK[Booking]-New booking slots request received
2025-05-02 01:03:06-EID[432903-PMA]-SID[243e3c19-2d72-499b-9348-264a3e0e65e0]-[INFO] TASK[Booking]-New booking slots request received
2025-05-02 01:03:08-EID[432903-PMA]-SID[243e3c19-2d72-499b-9348-264a3e0e65e0]-[INFO] TASK[Booking]-New booking slots request received
2025-05-02 01:03:11-EID[432903-PMA]-SID[243e3c19-2d72-499b-9348-264a3e0e65e0]-[INFO] TASK[Booking]-New booking slots request received
2025-05-02 01:03:13-EID[432903-PMA]-SID[243e3c19-2d72-499b-9348-264a3e0e65e0]-[INFO] TASK[Booking]-New booking slots request received
2025-05-02 01:04:37-EID[432903-PMA]-SID[243e3c19-2d72-499b-9348-264a3e0e65e0]-[INFO] TASK[Booking-Summary]-Authentication check
2025-05-02 01:04:37-EID[432903-PMA]-SID[243e3c19-2d72-499b-9348-264a3e0e65e0]-[INFO] TASK[Booking-Summary]-Authentication check
2025-05-02 01:04:37-EID[432903-PMA]-SID[243e3c19-2d72-499b-9348-264a3e0e65e0]-[INFO] TASK[Booking-Summary]-Authentication check
2025-05-02 01:04:38-EID[432903-PMA]-SID[243e3c19-2d72-499b-9348-264a3e0e65e0]-[INFO] TASK[Booking-Summary]-Authentication check
2025-05-02 01:08:26-EID[432903-PMA]-SID[243e3c19-2d72-499b-9348-264a3e0e65e0]-[INFO] TASK[Auth Check]-User type : Member (Member)
2025-05-02 01:08:27-EID[432903-PMA]-SID[243e3c19-2d72-499b-9348-264a3e0e65e0]-[INFO] TASK[DashboardData]-Fetched data for mahariazabinorchi@gmail.com
2025-05-02 01:08:28-EID[432903-PMA]-SID[243e3c19-2d72-499b-9348-264a3e0e65e0]-[INFO] TASK[DashboardData]-Fetched data for mahariazabinorchi@gmail.com
2025-05-02 01:08:34-EID[432903-PMA]-SID[243e3c19-2d72-499b-9348-264a3e0e65e0]-[INFO] TASK[Booking]-New booking slots request received
2025-05-02 01:08:41-EID[432903-PMA]-SID[243e3c19-2d72-499b-9348-264a3e0e65e0]-[INFO] TASK[Booking-Summary]-Authentication check
2025-05-02 01:08:41-EID[432903-PMA]-SID[243e3c19-2d72-499b-9348-264a3e0e65e0]-[INFO] TASK[Booking-Summary]-Authentication check
2025-05-02 01:13:27-EID[432903-PMA]-SID[243e3c19-2d72-499b-9348-264a3e0e65e0]-[INFO] TASK[Auth Check]-User type : Member (Member)
2025-05-02 01:13:28-EID[432903-PMA]-SID[243e3c19-2d72-499b-9348-264a3e0e65e0]-[INFO] TASK[DashboardData]-Fetched data for mahariazabinorchi@gmail.com
2025-05-02 01:13:28-EID[432903-PMA]-SID[243e3c19-2d72-499b-9348-264a3e0e65e0]-[INFO] TASK[DashboardData]-Fetched data for mahariazabinorchi@gmail.com
2025-05-02 01:15:37-EID[432903-PMA]-SID[243e3c19-2d72-499b-9348-264a3e0e65e0]-[INFO] TASK[Booking]-New booking slots request received
2025-05-02 01:15:42-EID[432903-PMA]-SID[243e3c19-2d72-499b-9348-264a3e0e65e0]-[INFO] TASK[Booking-Summary]-Authentication check
2025-05-02 01:15:42-EID[432903-PMA]-SID[243e3c19-2d72-499b-9348-264a3e0e65e0]-[INFO] TASK[Booking-Summary]-Authentication check
2025-05-02 01:18:00-EID[432903-PMA]-SID[243e3c19-2d72-499b-9348-264a3e0e65e0]-[INFO] TASK[Auth Check]-User type : Member (Member)
2025-05-02 01:18:01-EID[432903-PMA]-SID[243e3c19-2d72-499b-9348-264a3e0e65e0]-[INFO] TASK[DashboardData]-Fetched data for mahariazabinorchi@gmail.com
2025-05-02 01:18:02-EID[432903-PMA]-SID[243e3c19-2d72-499b-9348-264a3e0e65e0]-[INFO] TASK[DashboardData]-Fetched data for mahariazabinorchi@gmail.com
2025-05-02 01:23:38-EID[432903-PMA]-SID[243e3c19-2d72-499b-9348-264a3e0e65e0]-[INFO] TASK[Booking]-New booking slots request received
2025-05-02 01:23:46-EID[432903-PMA]-SID[243e3c19-2d72-499b-9348-264a3e0e65e0]-[INFO] TASK[Booking-Summary]-Authentication check
2025-05-02 01:23:46-EID[432903-PMA]-SID[243e3c19-2d72-499b-9348-264a3e0e65e0]-[INFO] TASK[Booking-Summary]-Authentication check
2025-05-02 01:25:10-EID[432903-PMA]-SID[243e3c19-2d72-499b-9348-264a3e0e65e0]-[INFO] TASK[Auth Check]-User type : Member (Member)
2025-05-02 01:25:11-EID[432903-PMA]-SID[243e3c19-2d72-499b-9348-264a3e0e65e0]-[INFO] TASK[DashboardData]-Fetched data for mahariazabinorchi@gmail.com
2025-05-02 01:25:11-EID[432903-PMA]-SID[243e3c19-2d72-499b-9348-264a3e0e65e0]-[INFO] TASK[DashboardData]-Fetched data for mahariazabinorchi@gmail.com
2025-05-02 01:39:56-EID[]-SID[76daffad-5a3d-4f2b-adf7-b47100fcbcb1]-[INFO] TASK[LoginInit]-Login attempt for sabbirhossainborno@gmail.com from 103.180.244.251
2025-05-02 01:39:56-EID[]-SID[76daffad-5a3d-4f2b-adf7-b47100fcbcb1]-[INFO] TASK[MemberLogin]-Successful login for member: sabbirhossainborno@gmail.com
2025-05-02 01:39:57-EID[546772-PMA]-SID[76daffad-5a3d-4f2b-adf7-b47100fcbcb1]-[INFO] TASK[LoginSuccess]-Session established for sabbirhossainborno@gmail.com
2025-05-02 01:40:19-EID[546772-PMA]-SID[76daffad-5a3d-4f2b-adf7-b47100fcbcb1]-[INFO] TASK[Auth Check]-User type : Member (Member)
2025-05-02 01:40:20-EID[546772-PMA]-SID[76daffad-5a3d-4f2b-adf7-b47100fcbcb1]-[INFO] TASK[DashboardData]-Fetched data for sabbirhossainborno@gmail.com
2025-05-02 01:40:21-EID[546772-PMA]-SID[76daffad-5a3d-4f2b-adf7-b47100fcbcb1]-[INFO] TASK[DashboardData]-Fetched data for sabbirhossainborno@gmail.com
2025-05-02 01:41:15-EID[546772-PMA]-SID[76daffad-5a3d-4f2b-adf7-b47100fcbcb1]-[INFO] TASK[Booking]-New booking slots request received
2025-05-02 01:41:20-EID[546772-PMA]-SID[76daffad-5a3d-4f2b-adf7-b47100fcbcb1]-[INFO] TASK[Booking-Summary]-Authentication check
2025-05-02 01:41:20-EID[546772-PMA]-SID[76daffad-5a3d-4f2b-adf7-b47100fcbcb1]-[INFO] TASK[Booking-Summary]-Authentication check
2025-05-02 01:41:46-EID[546772-PMA]-SID[76daffad-5a3d-4f2b-adf7-b47100fcbcb1]-[INFO] TASK[Auth Check]-User type : Member (Member)
2025-05-02 01:41:47-EID[546772-PMA]-SID[76daffad-5a3d-4f2b-adf7-b47100fcbcb1]-[INFO] TASK[DashboardData]-Fetched data for sabbirhossainborno@gmail.com
2025-05-02 01:41:47-EID[546772-PMA]-SID[76daffad-5a3d-4f2b-adf7-b47100fcbcb1]-[INFO] TASK[DashboardData]-Fetched data for sabbirhossainborno@gmail.com
2025-05-02 01:56:37-EID[546772-PMA]-SID[76daffad-5a3d-4f2b-adf7-b47100fcbcb1]-[INFO] TASK[Booking]-New booking slots request received
2025-05-02 01:56:46-EID[546772-PMA]-SID[76daffad-5a3d-4f2b-adf7-b47100fcbcb1]-[INFO] TASK[Booking-Summary]-Authentication check
2025-05-02 01:56:46-EID[546772-PMA]-SID[76daffad-5a3d-4f2b-adf7-b47100fcbcb1]-[INFO] TASK[Booking-Summary]-Authentication check
2025-05-02 02:02:36-EID[]-SID[2273ee55-e7c7-45a3-b96d-5d9189ec6b6f]-[INFO] TASK[LoginInit]-Login attempt for sabbirhossainborno@gmail.com from 103.180.244.251
2025-05-02 02:02:36-EID[]-SID[2273ee55-e7c7-45a3-b96d-5d9189ec6b6f]-[INFO] TASK[MemberLogin]-Successful login for member: sabbirhossainborno@gmail.com
2025-05-02 02:02:37-EID[947794-PMA]-SID[2273ee55-e7c7-45a3-b96d-5d9189ec6b6f]-[INFO] TASK[LoginSuccess]-Session established for sabbirhossainborno@gmail.com
2025-05-02 02:04:10-EID[947794-PMA]-SID[2273ee55-e7c7-45a3-b96d-5d9189ec6b6f]-[INFO] TASK[Auth Check]-User type : Member (Member)
2025-05-02 02:04:12-EID[947794-PMA]-SID[2273ee55-e7c7-45a3-b96d-5d9189ec6b6f]-[INFO] TASK[DashboardData]-Fetched data for sabbirhossainborno@gmail.com
2025-05-02 02:04:12-EID[947794-PMA]-SID[2273ee55-e7c7-45a3-b96d-5d9189ec6b6f]-[INFO] TASK[DashboardData]-Fetched data for sabbirhossainborno@gmail.com
2025-05-02 02:05:40-EID[947794-PMA]-SID[2273ee55-e7c7-45a3-b96d-5d9189ec6b6f]-[INFO] TASK[Booking]-New booking slots request received
2025-05-02 02:05:41-EID[947794-PMA]-SID[2273ee55-e7c7-45a3-b96d-5d9189ec6b6f]-[INFO] TASK[Booking]-New booking slots request received
2025-05-02 02:05:46-EID[947794-PMA]-SID[2273ee55-e7c7-45a3-b96d-5d9189ec6b6f]-[INFO] TASK[Booking-Summary]-Authentication check
2025-05-02 02:05:46-EID[947794-PMA]-SID[2273ee55-e7c7-45a3-b96d-5d9189ec6b6f]-[INFO] TASK[Booking-Summary]-Authentication check
2025-05-02 02:07:46-EID[947794-PMA]-SID[2273ee55-e7c7-45a3-b96d-5d9189ec6b6f]-[INFO] TASK[Auth Check]-User type : Member (Member)
2025-05-02 02:07:47-EID[947794-PMA]-SID[2273ee55-e7c7-45a3-b96d-5d9189ec6b6f]-[INFO] TASK[DashboardData]-Fetched data for sabbirhossainborno@gmail.com
2025-05-02 02:07:48-EID[947794-PMA]-SID[2273ee55-e7c7-45a3-b96d-5d9189ec6b6f]-[INFO] TASK[DashboardData]-Fetched data for sabbirhossainborno@gmail.com
2025-05-02 02:08:17-EID[947794-PMA]-SID[2273ee55-e7c7-45a3-b96d-5d9189ec6b6f]-[INFO] TASK[Booking]-New booking slots request received
2025-05-02 02:08:20-EID[947794-PMA]-SID[2273ee55-e7c7-45a3-b96d-5d9189ec6b6f]-[INFO] TASK[Booking-Summary]-Authentication check
2025-05-02 02:08:20-EID[947794-PMA]-SID[2273ee55-e7c7-45a3-b96d-5d9189ec6b6f]-[INFO] TASK[Booking-Summary]-Authentication check
2025-05-02 02:10:12-EID[947794-PMA]-SID[2273ee55-e7c7-45a3-b96d-5d9189ec6b6f]-[INFO] TASK[Auth Check]-User type : Member (Member)
2025-05-02 02:10:14-EID[947794-PMA]-SID[2273ee55-e7c7-45a3-b96d-5d9189ec6b6f]-[INFO] TASK[DashboardData]-Fetched data for sabbirhossainborno@gmail.com
2025-05-02 02:10:14-EID[947794-PMA]-SID[2273ee55-e7c7-45a3-b96d-5d9189ec6b6f]-[INFO] TASK[DashboardData]-Fetched data for sabbirhossainborno@gmail.com
2025-05-02 02:11:04-EID[947794-PMA]-SID[2273ee55-e7c7-45a3-b96d-5d9189ec6b6f]-[INFO] TASK[Booking]-New booking slots request received
2025-05-02 02:11:10-EID[947794-PMA]-SID[2273ee55-e7c7-45a3-b96d-5d9189ec6b6f]-[INFO] TASK[Booking-Summary]-Authentication check
2025-05-02 02:11:10-EID[947794-PMA]-SID[2273ee55-e7c7-45a3-b96d-5d9189ec6b6f]-[INFO] TASK[Booking-Summary]-Authentication check
