2025-04-23 16:48:25-EID[]-SID[7579d9da-4a9d-4cce-a787-77ebb0c3e858]-[INFO] TASK[LoginInit]-Login attempt for sabbirhossainborno@gmail.com from 123.200.7.106
2025-04-23 16:48:25-EID[]-SID[7579d9da-4a9d-4cce-a787-77ebb0c3e858]-[INFO] TASK[MemberLogin]-Successful login for member: sabbirhossainborno@gmail.com
2025-04-23 16:48:26-EID[837323-PMA]-SID[7579d9da-4a9d-4cce-a787-77ebb0c3e858]-[INFO] TASK[LoginSuccess]-Session established for sabbirhossainborno@gmail.com
2025-04-23 16:48:27-EID[837323-PMA]-SID[7579d9da-4a9d-4cce-a787-77ebb0c3e858]-[INFO] TASK[Auth Check]-User type : Member (Member)
2025-04-23 16:48:28-EID[837323-PMA]-SID[7579d9da-4a9d-4cce-a787-77ebb0c3e858]-[INFO] TASK[DashboardData]-Fetched data for sabbirhossainborno@gmail.com
2025-04-23 16:48:32-EID[837323-PMA]-SID[7579d9da-4a9d-4cce-a787-77ebb0c3e858]-[INFO] TASK[Booking]-New booking slots request received
2025-04-23 16:48:36-EID[837323-PMA]-SID[7579d9da-4a9d-4cce-a787-77ebb0c3e858]-[INFO] TASK[Booking-Summary]-Authentication check
2025-04-23 16:49:17-EID[837323-PMA]-SID[7579d9da-4a9d-4cce-a787-77ebb0c3e858]-[INFO] TASK[Auth Check]-User type : Member (Member)
2025-04-23 16:49:18-EID[837323-PMA]-SID[7579d9da-4a9d-4cce-a787-77ebb0c3e858]-[INFO] TASK[DashboardData]-Fetched data for sabbirhossainborno@gmail.com
2025-04-23 16:51:59-EID[837323-PMA]-SID[7579d9da-4a9d-4cce-a787-77ebb0c3e858]-[INFO] TASK[Booking-Summary]-Authentication check
2025-04-23 16:52:06-EID[837323-PMA]-SID[7579d9da-4a9d-4cce-a787-77ebb0c3e858]-[INFO] TASK[Booking-Summary]-Authentication check
2025-04-23 16:52:07-EID[837323-PMA]-SID[7579d9da-4a9d-4cce-a787-77ebb0c3e858]-[INFO] TASK[Booking-Summary]-Authentication check
2025-04-23 16:52:09-EID[837323-PMA]-SID[7579d9da-4a9d-4cce-a787-77ebb0c3e858]-[INFO] TASK[Booking-Summary]-Authentication check
2025-04-23 16:52:10-EID[837323-PMA]-SID[7579d9da-4a9d-4cce-a787-77ebb0c3e858]-[INFO] TASK[LogoutInit]-Logout request received from IP: 123.200.7.106
2025-04-23 16:52:10-EID[837323-PMA]-SID[7579d9da-4a9d-4cce-a787-77ebb0c3e858]-[INFO] TASK[LogoutProcess]-Processing logout for Member: sabbirhossainborno@gmail.com
2025-04-23 16:52:10-EID[837323-PMA]-SID[7579d9da-4a9d-4cce-a787-77ebb0c3e858]-[INFO] TASK[Booking-Summary]-Authentication check
2025-04-23 16:52:10-EID[837323-PMA]-SID[7579d9da-4a9d-4cce-a787-77ebb0c3e858]-[INFO] TASK[MemberLogout]-Updated login status for member: sabbirhossainborno@gmail.com
2025-04-23 16:52:10-EID[837323-PMA]-SID[7579d9da-4a9d-4cce-a787-77ebb0c3e858]-[INFO] TASK[LogoutSuccess]-Completed logout for Member: sabbirhossainborno@gmail.com
2025-04-23 16:52:11-EID[NO_EID]-SID[NO_SESSION]-[INFO] TASK[Booking-Summary]-Authentication check
2025-04-23 21:06:25-EID[]-SID[]-[WARN] TASK[Auth Check]-IP: 123.200.7.106 | UA: Mozilla/5.0 (Windows NT 10.0; Win64; x64) AppleWebKit/537.36 (KHTML, like Gecko) Chrome/135.0.0.0 Safari/537.36 Edg/135.0.0.0
2025-04-23 21:06:25-EID[]-SID[]-[WARN] TASK[DashboardAuth]-Missing authentication cookies
2025-04-23 21:16:25-EID[]-SID[9b3ed019-0322-43ab-922c-8ea4e4899aa4]-[INFO] TASK[LoginInit]-Login attempt for sabbirhossainborno@gmail.com from 123.200.7.106
2025-04-23 21:16:25-EID[]-SID[9b3ed019-0322-43ab-922c-8ea4e4899aa4]-[INFO] TASK[MemberLogin]-Successful login for member: sabbirhossainborno@gmail.com
2025-04-23 21:16:25-EID[464833-PMA]-SID[9b3ed019-0322-43ab-922c-8ea4e4899aa4]-[INFO] TASK[LoginSuccess]-Session established for sabbirhossainborno@gmail.com
2025-04-23 21:16:44-EID[464833-PMA]-SID[9b3ed019-0322-43ab-922c-8ea4e4899aa4]-[INFO] TASK[Auth Check]-User type : Member (Member)
2025-04-23 21:16:46-EID[464833-PMA]-SID[9b3ed019-0322-43ab-922c-8ea4e4899aa4]-[INFO] TASK[DashboardData]-Fetched data for sabbirhossainborno@gmail.com
2025-04-23 21:16:46-EID[464833-PMA]-SID[9b3ed019-0322-43ab-922c-8ea4e4899aa4]-[INFO] TASK[DashboardData]-Fetched data for sabbirhossainborno@gmail.com
2025-04-23 21:16:48-EID[464833-PMA]-SID[9b3ed019-0322-43ab-922c-8ea4e4899aa4]-[INFO] TASK[Booking-Summary]-Authentication check
2025-04-23 21:16:49-EID[464833-PMA]-SID[9b3ed019-0322-43ab-922c-8ea4e4899aa4]-[INFO] TASK[Booking-Summary]-Authentication check
2025-04-23 21:20:15-EID[464833-PMA]-SID[9b3ed019-0322-43ab-922c-8ea4e4899aa4]-[INFO] TASK[Auth Check]-User type : Member (Member)
2025-04-23 21:20:20-EID[464833-PMA]-SID[9b3ed019-0322-43ab-922c-8ea4e4899aa4]-[INFO] TASK[DashboardData]-Fetched data for sabbirhossainborno@gmail.com
2025-04-23 21:20:21-EID[464833-PMA]-SID[9b3ed019-0322-43ab-922c-8ea4e4899aa4]-[INFO] TASK[DashboardData]-Fetched data for sabbirhossainborno@gmail.com
2025-04-23 21:22:02-EID[464833-PMA]-SID[9b3ed019-0322-43ab-922c-8ea4e4899aa4]-[INFO] TASK[Booking-Summary]-Authentication check
2025-04-23 21:22:03-EID[464833-PMA]-SID[9b3ed019-0322-43ab-922c-8ea4e4899aa4]-[INFO] TASK[Booking-Summary]-Authentication check
2025-04-23 21:22:03-EID[464833-PMA]-SID[9b3ed019-0322-43ab-922c-8ea4e4899aa4]-[INFO] TASK[Booking-Summary]-Authentication check
2025-04-23 21:22:35-EID[464833-PMA]-SID[9b3ed019-0322-43ab-922c-8ea4e4899aa4]-[INFO] TASK[Auth Check]-User type : Member (Member)
2025-04-23 21:22:36-EID[464833-PMA]-SID[9b3ed019-0322-43ab-922c-8ea4e4899aa4]-[INFO] TASK[DashboardData]-Fetched data for sabbirhossainborno@gmail.com
2025-04-23 21:22:36-EID[464833-PMA]-SID[9b3ed019-0322-43ab-922c-8ea4e4899aa4]-[INFO] TASK[DashboardData]-Fetched data for sabbirhossainborno@gmail.com
2025-04-23 21:27:46-EID[464833-PMA]-SID[9b3ed019-0322-43ab-922c-8ea4e4899aa4]-[INFO] TASK[Booking-Summary]-Authentication check
2025-04-23 21:27:46-EID[464833-PMA]-SID[9b3ed019-0322-43ab-922c-8ea4e4899aa4]-[INFO] TASK[Booking-Summary]-Authentication check
2025-04-23 21:27:51-EID[464833-PMA]-SID[9b3ed019-0322-43ab-922c-8ea4e4899aa4]-[INFO] TASK[Booking-Summary]-Authentication check
2025-04-23 21:28:22-EID[464833-PMA]-SID[9b3ed019-0322-43ab-922c-8ea4e4899aa4]-[INFO] TASK[Auth Check]-User type : Member (Member)
2025-04-23 21:28:23-EID[464833-PMA]-SID[9b3ed019-0322-43ab-922c-8ea4e4899aa4]-[INFO] TASK[DashboardData]-Fetched data for sabbirhossainborno@gmail.com
2025-04-23 21:28:23-EID[464833-PMA]-SID[9b3ed019-0322-43ab-922c-8ea4e4899aa4]-[INFO] TASK[DashboardData]-Fetched data for sabbirhossainborno@gmail.com
2025-04-23 21:30:03-EID[464833-PMA]-SID[9b3ed019-0322-43ab-922c-8ea4e4899aa4]-[INFO] TASK[Booking-Summary]-Authentication check
2025-04-23 21:30:03-EID[464833-PMA]-SID[9b3ed019-0322-43ab-922c-8ea4e4899aa4]-[INFO] TASK[Booking-Summary]-Authentication check
2025-04-23 21:30:29-EID[464833-PMA]-SID[9b3ed019-0322-43ab-922c-8ea4e4899aa4]-[INFO] TASK[Auth Check]-User type : Member (Member)
2025-04-23 21:30:30-EID[464833-PMA]-SID[9b3ed019-0322-43ab-922c-8ea4e4899aa4]-[INFO] TASK[DashboardData]-Fetched data for sabbirhossainborno@gmail.com
2025-04-23 21:30:31-EID[464833-PMA]-SID[9b3ed019-0322-43ab-922c-8ea4e4899aa4]-[INFO] TASK[DashboardData]-Fetched data for sabbirhossainborno@gmail.com
2025-04-23 21:31:52-EID[464833-PMA]-SID[9b3ed019-0322-43ab-922c-8ea4e4899aa4]-[INFO] TASK[Booking-Summary]-Authentication check
2025-04-23 21:31:53-EID[464833-PMA]-SID[9b3ed019-0322-43ab-922c-8ea4e4899aa4]-[INFO] TASK[Booking-Summary]-Authentication check
2025-04-23 21:32:19-EID[464833-PMA]-SID[9b3ed019-0322-43ab-922c-8ea4e4899aa4]-[INFO] TASK[Auth Check]-User type : Member (Member)
2025-04-23 21:32:19-EID[464833-PMA]-SID[9b3ed019-0322-43ab-922c-8ea4e4899aa4]-[INFO] TASK[DashboardData]-Fetched data for sabbirhossainborno@gmail.com
2025-04-23 21:32:20-EID[464833-PMA]-SID[9b3ed019-0322-43ab-922c-8ea4e4899aa4]-[INFO] TASK[DashboardData]-Fetched data for sabbirhossainborno@gmail.com
2025-04-23 21:49:09-EID[]-SID[5ad374ae-120c-4f97-bb62-c830cbf34c8e]-[INFO] TASK[LoginInit]-Login attempt for sabbirhossainborno@gmail.com from 123.200.7.106
2025-04-23 21:49:09-EID[]-SID[5ad374ae-120c-4f97-bb62-c830cbf34c8e]-[INFO] TASK[MemberLogin]-Successful login for member: sabbirhossainborno@gmail.com
2025-04-23 21:49:10-EID[948449-PMA]-SID[5ad374ae-120c-4f97-bb62-c830cbf34c8e]-[INFO] TASK[LoginSuccess]-Session established for sabbirhossainborno@gmail.com
2025-04-23 21:49:11-EID[948449-PMA]-SID[5ad374ae-120c-4f97-bb62-c830cbf34c8e]-[INFO] TASK[Auth Check]-User type : Member (Member)
2025-04-23 21:49:13-EID[948449-PMA]-SID[5ad374ae-120c-4f97-bb62-c830cbf34c8e]-[INFO] TASK[DashboardData]-Fetched data for sabbirhossainborno@gmail.com
2025-04-23 21:49:14-EID[948449-PMA]-SID[5ad374ae-120c-4f97-bb62-c830cbf34c8e]-[INFO] TASK[DashboardData]-Fetched data for sabbirhossainborno@gmail.com
2025-04-23 21:49:17-EID[948449-PMA]-SID[5ad374ae-120c-4f97-bb62-c830cbf34c8e]-[INFO] TASK[Booking-Summary]-Authentication check
2025-04-23 21:49:18-EID[948449-PMA]-SID[5ad374ae-120c-4f97-bb62-c830cbf34c8e]-[INFO] TASK[Booking-Summary]-Authentication check
2025-04-23 21:49:24-EID[948449-PMA]-SID[5ad374ae-120c-4f97-bb62-c830cbf34c8e]-[INFO] TASK[Booking-Summary]-Authentication check
2025-04-23 21:49:52-EID[948449-PMA]-SID[5ad374ae-120c-4f97-bb62-c830cbf34c8e]-[INFO] TASK[Auth Check]-User type : Member (Member)
2025-04-23 21:49:52-EID[948449-PMA]-SID[5ad374ae-120c-4f97-bb62-c830cbf34c8e]-[INFO] TASK[DashboardData]-Fetched data for sabbirhossainborno@gmail.com
2025-04-23 21:49:53-EID[948449-PMA]-SID[5ad374ae-120c-4f97-bb62-c830cbf34c8e]-[INFO] TASK[DashboardData]-Fetched data for sabbirhossainborno@gmail.com
2025-04-23 21:53:47-EID[948449-PMA]-SID[5ad374ae-120c-4f97-bb62-c830cbf34c8e]-[INFO] TASK[Booking-Summary]-Authentication check
2025-04-23 21:53:48-EID[948449-PMA]-SID[5ad374ae-120c-4f97-bb62-c830cbf34c8e]-[INFO] TASK[Booking-Summary]-Authentication check
2025-04-23 21:53:48-EID[948449-PMA]-SID[5ad374ae-120c-4f97-bb62-c830cbf34c8e]-[INFO] TASK[Booking-Summary]-Authentication check
2025-04-23 21:54:14-EID[948449-PMA]-SID[5ad374ae-120c-4f97-bb62-c830cbf34c8e]-[INFO] TASK[Auth Check]-User type : Member (Member)
2025-04-23 21:54:16-EID[948449-PMA]-SID[5ad374ae-120c-4f97-bb62-c830cbf34c8e]-[INFO] TASK[DashboardData]-Fetched data for sabbirhossainborno@gmail.com
2025-04-23 21:54:16-EID[948449-PMA]-SID[5ad374ae-120c-4f97-bb62-c830cbf34c8e]-[INFO] TASK[DashboardData]-Fetched data for sabbirhossainborno@gmail.com
2025-04-23 21:56:33-EID[948449-PMA]-SID[5ad374ae-120c-4f97-bb62-c830cbf34c8e]-[INFO] TASK[Booking-Summary]-Authentication check
2025-04-23 21:56:33-EID[948449-PMA]-SID[5ad374ae-120c-4f97-bb62-c830cbf34c8e]-[INFO] TASK[Booking-Summary]-Authentication check
2025-04-23 21:56:34-EID[948449-PMA]-SID[5ad374ae-120c-4f97-bb62-c830cbf34c8e]-[INFO] TASK[Booking-Summary]-Authentication check
2025-04-23 21:57:02-EID[948449-PMA]-SID[5ad374ae-120c-4f97-bb62-c830cbf34c8e]-[INFO] TASK[Auth Check]-User type : Member (Member)
2025-04-23 21:57:02-EID[948449-PMA]-SID[5ad374ae-120c-4f97-bb62-c830cbf34c8e]-[INFO] TASK[DashboardData]-Fetched data for sabbirhossainborno@gmail.com
2025-04-23 21:57:03-EID[948449-PMA]-SID[5ad374ae-120c-4f97-bb62-c830cbf34c8e]-[INFO] TASK[DashboardData]-Fetched data for sabbirhossainborno@gmail.com
2025-04-23 21:59:23-EID[948449-PMA]-SID[5ad374ae-120c-4f97-bb62-c830cbf34c8e]-[INFO] TASK[Booking-Summary]-Authentication check
2025-04-23 21:59:24-EID[948449-PMA]-SID[5ad374ae-120c-4f97-bb62-c830cbf34c8e]-[INFO] TASK[Booking-Summary]-Authentication check
2025-04-23 22:03:23-EID[948449-PMA]-SID[5ad374ae-120c-4f97-bb62-c830cbf34c8e]-[INFO] TASK[Booking-Summary]-Authentication check
2025-04-23 22:03:56-EID[948449-PMA]-SID[5ad374ae-120c-4f97-bb62-c830cbf34c8e]-[INFO] TASK[Booking-Summary]-Authentication check
2025-04-23 22:04:02-EID[948449-PMA]-SID[5ad374ae-120c-4f97-bb62-c830cbf34c8e]-[INFO] TASK[Booking-Summary]-Authentication check
2025-04-23 22:04:14-EID[948449-PMA]-SID[5ad374ae-120c-4f97-bb62-c830cbf34c8e]-[INFO] TASK[Booking-Summary]-Authentication check
2025-04-23 22:04:19-EID[948449-PMA]-SID[5ad374ae-120c-4f97-bb62-c830cbf34c8e]-[INFO] TASK[Booking-Summary]-Authentication check
2025-04-23 22:04:32-EID[948449-PMA]-SID[5ad374ae-120c-4f97-bb62-c830cbf34c8e]-[INFO] TASK[Booking-Summary]-Authentication check
2025-04-23 22:07:43-EID[948449-PMA]-SID[5ad374ae-120c-4f97-bb62-c830cbf34c8e]-[INFO] TASK[Booking-Summary]-Authentication check
2025-04-23 22:07:58-EID[948449-PMA]-SID[5ad374ae-120c-4f97-bb62-c830cbf34c8e]-[INFO] TASK[Booking-Summary]-Authentication check
2025-04-23 22:15:12-EID[]-SID[4a2c537b-296a-40ad-a79e-dfca1e904c86]-[INFO] TASK[LoginInit]-Login attempt for sabbirhossainborno@gmail.com from 123.200.7.106
2025-04-23 22:15:13-EID[]-SID[4a2c537b-296a-40ad-a79e-dfca1e904c86]-[INFO] TASK[MemberLogin]-Successful login for member: sabbirhossainborno@gmail.com
2025-04-23 22:15:13-EID[879486-PMA]-SID[4a2c537b-296a-40ad-a79e-dfca1e904c86]-[INFO] TASK[LoginSuccess]-Session established for sabbirhossainborno@gmail.com
2025-04-23 22:15:15-EID[879486-PMA]-SID[4a2c537b-296a-40ad-a79e-dfca1e904c86]-[INFO] TASK[Auth Check]-User type : Member (Member)
2025-04-23 22:15:16-EID[879486-PMA]-SID[4a2c537b-296a-40ad-a79e-dfca1e904c86]-[INFO] TASK[DashboardData]-Fetched data for sabbirhossainborno@gmail.com
2025-04-23 22:15:16-EID[879486-PMA]-SID[4a2c537b-296a-40ad-a79e-dfca1e904c86]-[INFO] TASK[DashboardData]-Fetched data for sabbirhossainborno@gmail.com
2025-04-23 22:15:30-EID[879486-PMA]-SID[4a2c537b-296a-40ad-a79e-dfca1e904c86]-[INFO] TASK[Booking-Summary]-Authentication check
2025-04-23 22:15:30-EID[879486-PMA]-SID[4a2c537b-296a-40ad-a79e-dfca1e904c86]-[INFO] TASK[Booking-Summary]-Authentication check
2025-04-23 22:16:18-EID[879486-PMA]-SID[4a2c537b-296a-40ad-a79e-dfca1e904c86]-[INFO] TASK[Booking-Summary]-Authentication check
2025-04-23 22:16:31-EID[879486-PMA]-SID[4a2c537b-296a-40ad-a79e-dfca1e904c86]-[INFO] TASK[Booking-Summary]-Authentication check
2025-04-23 22:16:38-EID[879486-PMA]-SID[4a2c537b-296a-40ad-a79e-dfca1e904c86]-[INFO] TASK[Booking-Summary]-Authentication check
2025-04-23 22:19:20-EID[879486-PMA]-SID[4a2c537b-296a-40ad-a79e-dfca1e904c86]-[INFO] TASK[Auth Check]-User type : Member (Member)
2025-04-23 22:19:21-EID[879486-PMA]-SID[4a2c537b-296a-40ad-a79e-dfca1e904c86]-[INFO] TASK[DashboardData]-Fetched data for sabbirhossainborno@gmail.com
2025-04-23 22:19:21-EID[879486-PMA]-SID[4a2c537b-296a-40ad-a79e-dfca1e904c86]-[INFO] TASK[DashboardData]-Fetched data for sabbirhossainborno@gmail.com
2025-04-23 22:23:31-EID[879486-PMA]-SID[4a2c537b-296a-40ad-a79e-dfca1e904c86]-[INFO] TASK[Booking-Summary]-Authentication check
2025-04-23 22:23:31-EID[879486-PMA]-SID[4a2c537b-296a-40ad-a79e-dfca1e904c86]-[INFO] TASK[Booking-Summary]-Authentication check
2025-04-23 22:23:59-EID[879486-PMA]-SID[4a2c537b-296a-40ad-a79e-dfca1e904c86]-[INFO] TASK[Auth Check]-User type : Member (Member)
2025-04-23 22:24:00-EID[879486-PMA]-SID[4a2c537b-296a-40ad-a79e-dfca1e904c86]-[INFO] TASK[DashboardData]-Fetched data for sabbirhossainborno@gmail.com
2025-04-23 22:24:00-EID[879486-PMA]-SID[4a2c537b-296a-40ad-a79e-dfca1e904c86]-[INFO] TASK[DashboardData]-Fetched data for sabbirhossainborno@gmail.com
2025-04-23 22:40:54-EID[]-SID[e2575901-4831-4a56-9494-65c56d54c5aa]-[INFO] TASK[LoginInit]-Login attempt for sabbirhossainborno@gmail.com from 123.200.7.106
2025-04-23 22:40:54-EID[]-SID[e2575901-4831-4a56-9494-65c56d54c5aa]-[INFO] TASK[MemberLogin]-Successful login for member: sabbirhossainborno@gmail.com
2025-04-23 22:40:55-EID[270757-PMA]-SID[e2575901-4831-4a56-9494-65c56d54c5aa]-[INFO] TASK[LoginSuccess]-Session established for sabbirhossainborno@gmail.com
2025-04-23 22:40:56-EID[270757-PMA]-SID[e2575901-4831-4a56-9494-65c56d54c5aa]-[INFO] TASK[Auth Check]-User type : Member (Member)
2025-04-23 22:40:57-EID[270757-PMA]-SID[e2575901-4831-4a56-9494-65c56d54c5aa]-[INFO] TASK[DashboardData]-Fetched data for sabbirhossainborno@gmail.com
2025-04-23 22:40:57-EID[270757-PMA]-SID[e2575901-4831-4a56-9494-65c56d54c5aa]-[INFO] TASK[DashboardData]-Fetched data for sabbirhossainborno@gmail.com
2025-04-23 22:41:21-EID[270757-PMA]-SID[e2575901-4831-4a56-9494-65c56d54c5aa]-[INFO] TASK[Booking-Summary]-Authentication check
2025-04-23 22:41:21-EID[270757-PMA]-SID[e2575901-4831-4a56-9494-65c56d54c5aa]-[INFO] TASK[Booking-Summary]-Authentication check
2025-04-23 22:41:22-EID[270757-PMA]-SID[e2575901-4831-4a56-9494-65c56d54c5aa]-[INFO] TASK[Booking-Summary]-Authentication check
2025-04-23 22:41:40-EID[270757-PMA]-SID[e2575901-4831-4a56-9494-65c56d54c5aa]-[INFO] TASK[Auth Check]-User type : Member (Member)
2025-04-23 22:41:41-EID[270757-PMA]-SID[e2575901-4831-4a56-9494-65c56d54c5aa]-[INFO] TASK[DashboardData]-Fetched data for sabbirhossainborno@gmail.com
2025-04-23 22:41:41-EID[270757-PMA]-SID[e2575901-4831-4a56-9494-65c56d54c5aa]-[INFO] TASK[DashboardData]-Fetched data for sabbirhossainborno@gmail.com
2025-04-23 22:53:38-EID[270757-PMA]-SID[e2575901-4831-4a56-9494-65c56d54c5aa]-[INFO] TASK[Auth Check]-User type : Member (Member)
2025-04-23 22:53:39-EID[270757-PMA]-SID[e2575901-4831-4a56-9494-65c56d54c5aa]-[INFO] TASK[DashboardData]-Fetched data for sabbirhossainborno@gmail.com
2025-04-23 22:53:39-EID[270757-PMA]-SID[e2575901-4831-4a56-9494-65c56d54c5aa]-[INFO] TASK[DashboardData]-Fetched data for sabbirhossainborno@gmail.com
2025-04-23 22:54:04-EID[270757-PMA]-SID[e2575901-4831-4a56-9494-65c56d54c5aa]-[INFO] TASK[Booking-Summary]-Authentication check
2025-04-23 22:54:04-EID[270757-PMA]-SID[e2575901-4831-4a56-9494-65c56d54c5aa]-[INFO] TASK[Booking-Summary]-Authentication check
2025-04-23 22:56:12-EID[270757-PMA]-SID[e2575901-4831-4a56-9494-65c56d54c5aa]-[INFO] TASK[Booking-Summary]-Authentication check
2025-04-23 22:56:19-EID[270757-PMA]-SID[e2575901-4831-4a56-9494-65c56d54c5aa]-[INFO] TASK[Booking-Summary]-Authentication check
2025-04-23 22:56:57-EID[270757-PMA]-SID[e2575901-4831-4a56-9494-65c56d54c5aa]-[INFO] TASK[Auth Check]-User type : Member (Member)
2025-04-23 22:56:58-EID[270757-PMA]-SID[e2575901-4831-4a56-9494-65c56d54c5aa]-[INFO] TASK[DashboardData]-Fetched data for sabbirhossainborno@gmail.com
2025-04-23 22:56:59-EID[270757-PMA]-SID[e2575901-4831-4a56-9494-65c56d54c5aa]-[INFO] TASK[DashboardData]-Fetched data for sabbirhossainborno@gmail.com
2025-04-23 23:02:18-EID[270757-PMA]-SID[e2575901-4831-4a56-9494-65c56d54c5aa]-[INFO] TASK[Auth Check]-User type : Member (Member)
2025-04-23 23:02:21-EID[270757-PMA]-SID[e2575901-4831-4a56-9494-65c56d54c5aa]-[INFO] TASK[DashboardData]-Fetched data for sabbirhossainborno@gmail.com
2025-04-23 23:02:21-EID[270757-PMA]-SID[e2575901-4831-4a56-9494-65c56d54c5aa]-[INFO] TASK[DashboardData]-Fetched data for sabbirhossainborno@gmail.com
2025-04-23 23:02:24-EID[270757-PMA]-SID[e2575901-4831-4a56-9494-65c56d54c5aa]-[INFO] TASK[Booking-Summary]-Authentication check
2025-04-23 23:02:24-EID[270757-PMA]-SID[e2575901-4831-4a56-9494-65c56d54c5aa]-[INFO] TASK[Booking-Summary]-Authentication check
2025-04-23 23:02:45-EID[270757-PMA]-SID[e2575901-4831-4a56-9494-65c56d54c5aa]-[INFO] TASK[Auth Check]-User type : Member (Member)
2025-04-23 23:02:46-EID[270757-PMA]-SID[e2575901-4831-4a56-9494-65c56d54c5aa]-[INFO] TASK[DashboardData]-Fetched data for sabbirhossainborno@gmail.com
2025-04-23 23:02:46-EID[270757-PMA]-SID[e2575901-4831-4a56-9494-65c56d54c5aa]-[INFO] TASK[DashboardData]-Fetched data for sabbirhossainborno@gmail.com
